TN:
SF:src\app.controller.ts
FN:11,(anonymous_2)
FN:16,(anonymous_3)
FN:26,(anonymous_4)
FNF:3
FNH:0
FNDA:0,(anonymous_2)
FNDA:0,(anonymous_3)
FNDA:0,(anonymous_4)
DA:1,0
DA:2,0
DA:3,0
DA:10,0
DA:11,0
DA:16,0
DA:17,0
DA:26,0
DA:27,0
LF:9
LH:0
BRF:0
BRH:0
end_of_record
TN:
SF:src\app.module.ts
FN:40,(anonymous_1)
FN:57,(anonymous_2)
FNF:2
FNH:0
FNDA:0,(anonymous_1)
FNDA:0,(anonymous_2)
DA:1,0
DA:2,0
DA:3,0
DA:4,0
DA:5,0
DA:6,0
DA:7,0
DA:8,0
DA:9,0
DA:10,0
DA:11,0
DA:12,0
DA:13,0
DA:14,0
DA:15,0
DA:16,0
DA:17,0
DA:18,0
DA:19,0
DA:20,0
DA:21,0
DA:22,0
DA:23,0
DA:24,0
DA:25,0
DA:26,0
DA:27,0
DA:41,0
DA:42,0
DA:58,0
DA:60,0
DA:65,0
DA:108,0
LF:33
LH:0
BRDA:44,0,0,0
BRDA:44,0,1,0
BRDA:45,1,0,0
BRDA:45,1,1,0
BRDA:47,2,0,0
BRDA:47,2,1,0
BRDA:48,3,0,0
BRDA:48,3,1,0
BRDA:60,4,0,0
BRDA:60,4,1,0
BRDA:60,4,2,0
BRDA:60,4,3,0
BRDA:63,5,0,0
BRDA:63,5,1,0
BRDA:74,6,0,0
BRDA:74,6,1,0
BRF:16
BRH:0
end_of_record
TN:
SF:src\app.service.ts
FN:12,(anonymous_1)
FNF:1
FNH:0
FNDA:0,(anonymous_1)
DA:1,0
DA:8,0
DA:13,0
LF:3
LH:0
BRF:0
BRH:0
end_of_record
TN:
SF:src\app.throttlers.ts
FN:16,isPublicDayPassHandler
FN:47,(anonymous_1)
FN:53,(anonymous_2)
FN:54,(anonymous_3)
FNF:4
FNH:4
FNDA:4,isPublicDayPassHandler
FNDA:2,(anonymous_1)
FNDA:2,(anonymous_2)
FNDA:4,(anonymous_3)
DA:3,1
DA:5,1
DA:6,1
DA:17,4
DA:36,1
DA:47,2
DA:53,2
DA:55,4
DA:57,4
DA:58,4
LF:10
LH:10
BRDA:57,0,0,1
BRDA:57,0,1,3
BRDA:58,1,0,1
BRDA:58,1,1,3
BRDA:58,2,0,3
BRDA:58,2,1,1
BRF:6
BRH:6
end_of_record
TN:
SF:src\main.ts
FN:18,bootstrap
FN:54,(anonymous_1)
FN:55,(anonymous_2)
FNF:3
FNH:0
FNDA:0,bootstrap
FNDA:0,(anonymous_1)
FNDA:0,(anonymous_2)
DA:1,0
DA:2,0
DA:4,0
DA:5,0
DA:6,0
DA:7,0
DA:8,0
DA:9,0
DA:10,0
DA:11,0
DA:12,0
DA:13,0
DA:14,0
DA:15,0
DA:16,0
DA:19,0
DA:23,0
DA:24,0
DA:25,0
DA:27,0
DA:31,0
DA:38,0
DA:52,0
DA:53,0
DA:54,0
DA:55,0
DA:58,0
DA:67,0
DA:68,0
DA:70,0
DA:75,0
DA:79,0
DA:83,0
DA:84,0
DA:89,0
DA:104,0
DA:105,0
DA:107,0
DA:109,0
DA:110,0
DA:112,0
LF:41
LH:0
BRDA:41,0,0,0
BRDA:41,0,1,0
BRDA:54,1,0,0
BRDA:54,1,1,0
BRDA:83,2,0,0
BRDA:83,2,1,0
BRDA:85,3,0,0
BRDA:85,3,1,0
BRDA:109,4,0,0
BRDA:109,4,1,0
BRF:10
BRH:0
end_of_record
TN:
SF:src\audit-log\audit-log.controller.ts
FN:26,(anonymous_4)
FN:42,(anonymous_5)
FNF:2
FNH:0
FNDA:0,(anonymous_4)
FNDA:0,(anonymous_5)
DA:1,0
DA:9,0
DA:15,0
DA:16,0
DA:17,0
DA:18,0
DA:19,0
DA:20,0
DA:25,0
DA:26,0
DA:42,0
DA:47,0
DA:49,0
LF:13
LH:0
BRF:0
BRH:0
end_of_record
TN:
SF:src\audit-log\audit-log.module.ts
FNF:0
FNH:0
DA:1,0
DA:2,0
DA:3,0
DA:4,0
DA:5,0
DA:6,0
DA:7,0
DA:8,0
DA:9,0
DA:10,0
DA:11,0
DA:31,0
LF:12
LH:0
BRF:0
BRH:0
end_of_record
TN:
SF:src\audit-log\dto\audit-log-filter.dto.ts
FNF:0
FNH:0
DA:1,0
DA:3,0
DA:6,0
DA:10,0
DA:14,0
DA:18,0
DA:22,0
DA:26,0
DA:30,0
DA:33,0
DA:36,0
LF:11
LH:0
BRF:0
BRH:0
end_of_record
TN:
SF:src\audit-log\entities\audit-log.entity.ts
FN:12,(anonymous_2)
FN:76,(anonymous_3)
FNF:2
FNH:1
FNDA:3,(anonymous_2)
FNDA:0,(anonymous_3)
DA:1,3
DA:10,3
DA:12,3
DA:13,3
DA:14,3
DA:15,3
DA:16,3
DA:17,3
DA:18,3
DA:19,3
DA:20,3
DA:21,3
DA:26,3
DA:28,3
DA:31,3
DA:34,3
DA:42,3
DA:45,3
DA:48,3
DA:51,3
DA:61,3
DA:64,3
DA:67,3
DA:70,3
DA:74,3
DA:76,0
DA:78,3
LF:27
LH:26
BRDA:12,0,0,3
BRDA:12,0,1,3
BRF:2
BRH:2
end_of_record
TN:
SF:src\audit-log\entities\security-ip-log.entity.ts
FNF:0
FNH:0
DA:1,3
DA:22,3
DA:24,3
DA:33,3
DA:40,3
DA:44,3
DA:47,3
DA:54,3
LF:8
LH:8
BRF:0
BRH:0
end_of_record
TN:
SF:src\audit-log\interceptors\audit-log.interceptor.ts
FN:14,(anonymous_2)
FN:16,(anonymous_3)
FN:40,(anonymous_4)
FN:57,(anonymous_5)
FN:79,(anonymous_6)
FN:87,(anonymous_7)
FN:97,(anonymous_8)
FN:112,(anonymous_9)
FNF:8
FNH:0
FNDA:0,(anonymous_2)
FNDA:0,(anonymous_3)
FNDA:0,(anonymous_4)
FNDA:0,(anonymous_5)
FNDA:0,(anonymous_6)
FNDA:0,(anonymous_7)
FNDA:0,(anonymous_8)
FNDA:0,(anonymous_9)
DA:1,0
DA:7,0
DA:8,0
DA:10,0
DA:13,0
DA:14,0
DA:17,0
DA:18,0
DA:19,0
DA:20,0
DA:21,0
DA:23,0
DA:24,0
DA:27,0
DA:28,0
DA:29,0
DA:31,0
DA:33,0
DA:34,0
DA:35,0
DA:36,0
DA:38,0
DA:41,0
DA:58,0
DA:73,0
DA:80,0
DA:81,0
DA:82,0
DA:84,0
DA:88,0
DA:89,0
DA:90,0
DA:91,0
DA:94,0
DA:98,0
DA:100,0
DA:102,0
DA:104,0
DA:106,0
DA:108,0
DA:113,0
DA:114,0
DA:117,0
DA:131,0
DA:133,0
DA:134,0
DA:135,0
DA:136,0
DA:141,0
DA:143,0
DA:147,0
LF:51
LH:0
BRDA:20,0,0,0
BRDA:20,0,1,0
BRDA:23,1,0,0
BRDA:49,2,0,0
BRDA:49,2,1,0
BRDA:66,3,0,0
BRDA:66,3,1,0
BRDA:81,4,0,0
BRDA:81,5,0,0
BRDA:81,5,1,0
BRDA:90,6,0,0
BRDA:90,7,0,0
BRDA:90,7,1,0
BRDA:98,8,0,0
BRDA:98,8,1,0
BRDA:98,8,2,0
BRDA:98,8,3,0
BRDA:98,8,4,0
BRDA:113,9,0,0
BRDA:113,10,0,0
BRDA:113,10,1,0
BRDA:134,11,0,0
BRDA:134,11,1,0
BRDA:136,12,0,0
BRDA:136,12,1,0
BRDA:137,13,0,0
BRDA:137,13,1,0
BRDA:137,13,2,0
BRF:28
BRH:0
end_of_record
TN:
SF:src\audit-log\providers\anonymisation-hardening.cron.ts
FN:24,(anonymous_2)
FN:27,(anonymous_3)
FNF:2
FNH:0
FNDA:0,(anonymous_2)
FNDA:0,(anonymous_3)
DA:1,0
DA:2,0
DA:3,0
DA:21,0
DA:22,0
DA:24,0
DA:27,0
DA:28,0
DA:29,0
DA:30,0
DA:31,0
DA:37,0
LF:12
LH:0
BRF:0
BRH:0
end_of_record
TN:
SF:src\audit-log\providers\audit-log-purge.service.ts
FN:17,(anonymous_2)
FN:20,(anonymous_3)
FNF:2
FNH:0
FNDA:0,(anonymous_2)
FNDA:0,(anonymous_3)
DA:1,0
DA:2,0
DA:3,0
DA:14,0
DA:15,0
DA:17,0
DA:20,0
DA:21,0
DA:22,0
DA:23,0
DA:24,0
DA:28,0
LF:12
LH:0
BRF:0
BRH:0
end_of_record
TN:
SF:src\audit-log\providers\audit-log.service.ts
FN:11,(anonymous_2)
FN:16,(anonymous_3)
FN:20,(anonymous_4)
FNF:3
FNH:2
FNDA:2,(anonymous_2)
FNDA:1,(anonymous_3)
FNDA:0,(anonymous_4)
DA:1,3
DA:2,3
DA:3,3
DA:10,3
DA:12,2
DA:13,2
DA:17,1
DA:25,0
LF:8
LH:7
BRF:0
BRH:0
end_of_record
TN:
SF:src\audit-log\providers\create-audit-log.provider.ts
FN:36,(anonymous_4)
FN:42,(anonymous_5)
FNF:2
FNH:2
FNDA:2,(anonymous_4)
FNDA:1,(anonymous_5)
DA:1,3
DA:2,3
DA:3,3
DA:4,3
DA:5,3
DA:6,3
DA:25,3
DA:33,3
DA:34,2
DA:38,2
DA:39,2
DA:43,1
DA:44,1
DA:48,1
DA:50,1
DA:62,1
DA:68,1
DA:70,1
DA:73,1
DA:75,0
DA:82,1
DA:84,0
DA:85,0
LF:23
LH:20
BRDA:44,0,0,1
BRDA:44,0,1,1
BRDA:51,1,0,1
BRDA:51,1,1,0
BRDA:52,2,0,1
BRDA:52,2,1,0
BRDA:53,3,0,1
BRDA:53,3,1,0
BRDA:55,4,0,1
BRDA:55,4,1,0
BRDA:56,5,0,1
BRDA:56,5,1,0
BRDA:58,6,0,1
BRDA:58,6,1,1
BRDA:59,7,0,1
BRDA:59,7,1,1
BRDA:70,8,0,1
BRDA:70,8,1,0
BRDA:70,8,2,0
BRDA:73,9,0,0
BRF:20
BRH:12
end_of_record
TN:
SF:src\audit-log\providers\find-audit-logs.provider.ts
FN:20,(anonymous_4)
FN:25,(anonymous_5)
FNF:2
FNH:1
FNDA:2,(anonymous_4)
FNDA:0,(anonymous_5)
DA:1,3
DA:2,3
DA:3,3
DA:4,3
DA:6,3
DA:17,3
DA:18,2
DA:22,2
DA:40,0
DA:43,0
DA:46,0
DA:47,0
DA:48,0
DA:51,0
DA:55,0
DA:56,0
DA:59,0
DA:60,0
DA:63,0
DA:64,0
DA:67,0
DA:68,0
DA:71,0
DA:72,0
DA:75,0
DA:76,0
DA:79,0
DA:80,0
DA:86,0
DA:88,0
DA:93,0
LF:31
LH:8
BRDA:38,0,0,0
BRDA:39,1,0,0
BRDA:43,2,0,0
BRDA:43,2,1,0
BRDA:47,3,0,0
BRDA:55,4,0,0
BRDA:59,5,0,0
BRDA:63,6,0,0
BRDA:67,7,0,0
BRDA:71,8,0,0
BRDA:75,9,0,0
BRDA:79,10,0,0
BRF:12
BRH:0
end_of_record
TN:
SF:src\audit-log\providers\security-ip-log.service.ts
FN:23,(anonymous_4)
FN:38,(anonymous_5)
FN:63,(anonymous_6)
FNF:3
FNH:1
FNDA:2,(anonymous_4)
FNDA:0,(anonymous_5)
FNDA:0,(anonymous_6)
DA:1,3
DA:2,3
DA:3,3
DA:4,3
DA:5,3
DA:14,3
DA:15,2
DA:25,2
DA:26,2
DA:28,2
DA:29,2
DA:30,2
DA:39,0
DA:40,0
DA:41,0
DA:43,0
DA:50,0
DA:53,0
DA:64,0
DA:67,0
LF:20
LH:12
BRDA:29,0,0,0
BRDA:29,0,1,2
BRDA:30,1,0,0
BRDA:30,1,1,2
BRDA:30,2,0,2
BRDA:30,2,1,0
BRDA:67,3,0,0
BRDA:67,3,1,0
BRF:8
BRH:3
end_of_record
TN:
SF:src\auth\auth.controller.ts
FN:35,(anonymous_4)
FN:44,(anonymous_5)
FN:58,(anonymous_6)
FN:75,(anonymous_7)
FN:83,(anonymous_8)
FN:89,(anonymous_9)
FN:102,(anonymous_10)
FN:116,(anonymous_11)
FN:123,(anonymous_12)
FN:130,(anonymous_13)
FN:138,(anonymous_14)
FN:145,(anonymous_15)
FN:152,(anonymous_16)
FN:159,(anonymous_17)
FN:166,(anonymous_18)
FN:173,(anonymous_19)
FN:187,(anonymous_20)
FN:201,(anonymous_21)
FN:208,(anonymous_22)
FNF:19
FNH:0
FNDA:0,(anonymous_4)
FNDA:0,(anonymous_5)
FNDA:0,(anonymous_6)
FNDA:0,(anonymous_7)
FNDA:0,(anonymous_8)
FNDA:0,(anonymous_9)
FNDA:0,(anonymous_10)
FNDA:0,(anonymous_11)
FNDA:0,(anonymous_12)
FNDA:0,(anonymous_13)
FNDA:0,(anonymous_14)
FNDA:0,(anonymous_15)
FNDA:0,(anonymous_16)
FNDA:0,(anonymous_17)
FNDA:0,(anonymous_18)
FNDA:0,(anonymous_19)
FNDA:0,(anonymous_20)
FNDA:0,(anonymous_21)
FNDA:0,(anonymous_22)
DA:1,0
DA:12,0
DA:13,0
DA:14,0
DA:15,0
DA:16,0
DA:17,0
DA:18,0
DA:19,0
DA:20,0
DA:21,0
DA:22,0
DA:23,0
DA:24,0
DA:25,0
DA:26,0
DA:27,0
DA:28,0
DA:29,0
DA:30,0
DA:31,0
DA:34,0
DA:35,0
DA:44,0
DA:48,0
DA:49,0
DA:50,0
DA:52,0
DA:58,0
DA:62,0
DA:63,0
DA:64,0
DA:70,0
DA:75,0
DA:76,0
DA:83,0
DA:84,0
DA:89,0
DA:93,0
DA:94,0
DA:95,0
DA:97,0
DA:102,0
DA:106,0
DA:107,0
DA:108,0
DA:110,0
DA:116,0
DA:117,0
DA:123,0
DA:124,0
DA:130,0
DA:133,0
DA:138,0
DA:139,0
DA:145,0
DA:146,0
DA:152,0
DA:153,0
DA:159,0
DA:160,0
DA:166,0
DA:167,0
DA:173,0
DA:177,0
DA:178,0
DA:179,0
DA:181,0
DA:187,0
DA:191,0
DA:192,0
DA:193,0
DA:195,0
DA:201,0
DA:202,0
DA:208,0
DA:209,0
LF:77
LH:0
BRDA:49,0,0,0
BRDA:63,1,0,0
BRDA:94,2,0,0
BRDA:94,3,0,0
BRDA:94,3,1,0
BRDA:107,4,0,0
BRDA:178,5,0,0
BRDA:192,6,0,0
BRF:8
BRH:0
end_of_record
TN:
SF:src\auth\auth.module.ts
FN:30,(anonymous_1)
FNF:1
FNH:0
FNDA:0,(anonymous_1)
DA:1,0
DA:2,0
DA:3,0
DA:4,0
DA:5,0
DA:6,0
DA:7,0
DA:8,0
DA:9,0
DA:10,0
DA:11,0
DA:12,0
DA:13,0
DA:14,0
DA:15,0
DA:16,0
DA:17,0
DA:18,0
DA:19,0
DA:20,0
DA:21,0
DA:22,0
DA:30,0
DA:64,0
LF:24
LH:0
BRDA:33,0,0,0
BRDA:33,0,1,0
BRF:2
BRH:0
end_of_record
TN:
SF:src\auth\auth.service.ts
FN:39,(anonymous_4)
FN:60,(anonymous_5)
FN:107,(anonymous_6)
FN:143,(anonymous_7)
FN:190,(anonymous_8)
FN:215,(anonymous_9)
FN:252,(anonymous_10)
FN:314,(anonymous_11)
FN:325,(anonymous_12)
FN:355,(anonymous_13)
FN:382,(anonymous_14)
FN:416,(anonymous_15)
FN:420,(anonymous_16)
FN:424,(anonymous_17)
FN:428,(anonymous_18)
FN:442,(anonymous_19)
FN:457,(anonymous_20)
FN:461,(anonymous_21)
FN:465,(anonymous_22)
FNF:19
FNH:3
FNDA:6,(anonymous_4)
FNDA:0,(anonymous_5)
FNDA:0,(anonymous_6)
FNDA:0,(anonymous_7)
FNDA:3,(anonymous_8)
FNDA:0,(anonymous_9)
FNDA:0,(anonymous_10)
FNDA:0,(anonymous_11)
FNDA:0,(anonymous_12)
FNDA:3,(anonymous_13)
FNDA:0,(anonymous_14)
FNDA:0,(anonymous_15)
FNDA:0,(anonymous_16)
FNDA:0,(anonymous_17)
FNDA:0,(anonymous_18)
FNDA:0,(anonymous_19)
FNDA:0,(anonymous_20)
FNDA:0,(anonymous_21)
FNDA:0,(anonymous_22)
DA:1,1
DA:11,1
DA:12,1
DA:13,1
DA:14,1
DA:15,1
DA:16,1
DA:17,1
DA:18,1
DA:23,1
DA:24,1
DA:25,1
DA:26,1
DA:31,1
DA:33,1
DA:34,1
DA:35,1
DA:38,1
DA:41,6
DA:42,6
DA:43,6
DA:44,6
DA:45,6
DA:46,6
DA:47,6
DA:48,6
DA:49,6
DA:50,6
DA:61,0
DA:65,0
DA:66,0
DA:69,0
DA:72,0
DA:73,0
DA:75,0
DA:76,0
DA:79,0
DA:80,0
DA:81,0
DA:91,0
DA:93,0
DA:99,0
DA:101,0
DA:108,0
DA:112,0
DA:113,0
DA:116,0
DA:119,0
DA:120,0
DA:122,0
DA:123,0
DA:126,0
DA:133,0
DA:135,0
DA:137,0
DA:144,0
DA:146,0
DA:147,0
DA:150,0
DA:151,0
DA:154,0
DA:156,0
DA:157,0
DA:160,0
DA:161,0
DA:164,0
DA:168,0
DA:171,0
DA:172,0
DA:173,0
DA:175,0
DA:177,0
DA:178,0
DA:183,0
DA:191,3
DA:192,1
DA:195,2
DA:196,2
DA:197,1
DA:200,1
DA:202,1
DA:203,1
DA:204,1
DA:206,1
DA:212,1
DA:216,0
DA:219,0
DA:226,0
DA:229,0
DA:230,0
DA:231,0
DA:237,0
DA:238,0
DA:239,0
DA:242,0
DA:243,0
DA:247,0
DA:253,0
DA:254,0
DA:257,0
DA:258,0
DA:262,0
DA:264,0
DA:265,0
DA:268,0
DA:269,0
DA:272,0
DA:288,0
DA:292,0
DA:295,0
DA:296,0
DA:299,0
DA:301,0
DA:302,0
DA:309,0
DA:315,0
DA:318,0
DA:319,0
DA:321,0
DA:322,0
DA:328,0
DA:329,0
DA:332,0
DA:336,0
DA:337,0
DA:340,0
DA:342,0
DA:343,0
DA:344,0
DA:346,0
DA:352,0
DA:356,3
DA:357,1
DA:360,2
DA:363,2
DA:364,1
DA:367,1
DA:369,1
DA:370,1
DA:371,1
DA:373,1
DA:379,1
DA:383,0
DA:384,0
DA:387,0
DA:388,0
DA:391,0
DA:395,0
DA:396,0
DA:399,0
DA:400,0
DA:403,0
DA:408,0
DA:411,0
DA:413,0
DA:417,0
DA:421,0
DA:425,0
DA:429,0
DA:446,0
DA:447,0
DA:451,0
DA:458,0
DA:462,0
DA:466,0
DA:468,0
DA:472,0
DA:473,0
DA:476,0
DA:480,0
DA:483,0
DA:484,0
DA:487,0
DA:488,0
DA:490,0
DA:491,0
DA:492,0
DA:493,0
DA:495,0
DA:497,0
LF:180
LH:50
BRDA:65,0,0,0
BRDA:72,1,0,0
BRDA:112,2,0,0
BRDA:119,3,0,0
BRDA:146,4,0,0
BRDA:150,5,0,0
BRDA:156,6,0,0
BRDA:160,7,0,0
BRDA:164,8,0,0
BRDA:165,9,0,0
BRDA:165,9,1,0
BRDA:191,10,0,1
BRDA:196,11,0,1
BRDA:219,12,0,0
BRDA:220,13,0,0
BRDA:220,13,1,0
BRDA:229,14,0,0
BRDA:237,15,0,0
BRDA:257,16,0,0
BRDA:264,17,0,0
BRDA:268,18,0,0
BRDA:268,19,0,0
BRDA:268,19,1,0
BRDA:295,20,0,0
BRDA:295,21,0,0
BRDA:295,21,1,0
BRDA:318,22,0,0
BRDA:328,23,0,0
BRDA:336,24,0,0
BRDA:356,25,0,1
BRDA:363,26,0,1
BRDA:383,27,0,0
BRDA:387,28,0,0
BRDA:395,29,0,0
BRDA:399,30,0,0
BRDA:403,31,0,0
BRDA:404,32,0,0
BRDA:404,32,1,0
BRDA:404,32,2,0
BRDA:472,33,0,0
BRDA:476,34,0,0
BRDA:477,35,0,0
BRDA:477,35,1,0
BRDA:483,36,0,0
BRDA:487,37,0,0
BRF:45
BRH:4
end_of_record
TN:
SF:src\auth\common\enum\user-role-enum.ts
FN:2,(anonymous_0)
FNF:1
FNH:0
FNDA:0,(anonymous_0)
DA:2,0
LF:1
LH:0
BRF:0
BRH:0
end_of_record
TN:
SF:src\auth\decorators\current.user.decorators.ts
FN:4,(anonymous_0)
FNF:1
FNH:0
FNDA:0,(anonymous_0)
DA:1,0
DA:3,0
DA:5,0
DA:6,0
LF:4
LH:0
BRF:0
BRH:0
end_of_record
TN:
SF:src\auth\decorators\getCurrentUser.decorator.ts
FN:4,(anonymous_0)
FN:14,(anonymous_1)
FNF:2
FNH:0
FNDA:0,(anonymous_0)
FNDA:0,(anonymous_1)
DA:1,1
DA:3,1
DA:5,0
DA:8,0
DA:9,0
DA:13,1
DA:15,0
DA:16,0
LF:8
LH:3
BRDA:9,0,0,0
BRDA:9,0,1,0
BRF:2
BRH:0
end_of_record
TN:
SF:src\auth\decorators\public.decorator.ts
FN:4,(anonymous_0)
FNF:1
FNH:1
FNDA:2,(anonymous_0)
DA:1,2
DA:3,2
DA:4,2
LF:3
LH:3
BRF:0
BRH:0
end_of_record
TN:
SF:src\auth\decorators\roles.decorators.ts
FN:5,(anonymous_0)
FNF:1
FNH:1
FNDA:2,(anonymous_0)
DA:1,2
DA:4,2
DA:5,2
LF:3
LH:3
BRF:0
BRH:0
end_of_record
TN:
SF:src\auth\dto\create-user.dto.ts
FNF:0
FNH:0
DA:1,0
DA:9,0
DA:11,0
DA:16,0
DA:21,0
DA:25,0
LF:6
LH:0
BRF:0
BRH:0
end_of_record
TN:
SF:src\auth\dto\disable-2fa.dto.ts
FNF:0
FNH:0
DA:1,0
DA:3,0
DA:5,0
LF:3
LH:0
BRF:0
BRH:0
end_of_record
TN:
SF:src\auth\dto\login-user.dto.ts
FNF:0
FNH:0
DA:1,0
DA:9,0
DA:11,0
DA:15,0
DA:27,0
LF:5
LH:0
BRF:0
BRH:0
end_of_record
TN:
SF:src\auth\dto\resend-otp.dto.ts
FNF:0
FNH:0
DA:1,0
DA:3,0
DA:6,0
LF:3
LH:0
BRF:0
BRH:0
end_of_record
TN:
SF:src\auth\dto\reset-password.dto.ts
FNF:0
FNH:0
DA:1,0
DA:3,0
DA:6,0
DA:11,0
DA:15,0
LF:5
LH:0
BRF:0
BRH:0
end_of_record
TN:
SF:src\auth\dto\send-password-reset-otp.dto.ts
FNF:0
FNH:0
DA:1,0
DA:3,0
DA:6,0
LF:3
LH:0
BRF:0
BRH:0
end_of_record
TN:
SF:src\auth\dto\setup-2fa.dto.ts
FNF:0
FNH:0
DA:1,0
DA:3,0
DA:6,0
LF:3
LH:0
BRF:0
BRH:0
end_of_record
TN:
SF:src\auth\dto\use-backup-code.dto.ts
FNF:0
FNH:0
DA:1,0
DA:3,0
DA:5,0
DA:8,0
LF:4
LH:0
BRF:0
BRH:0
end_of_record
TN:
SF:src\auth\dto\verify-otp.dto.ts
FNF:0
FNH:0
DA:1,0
DA:3,0
DA:7,0
DA:11,0
LF:4
LH:0
BRF:0
BRH:0
end_of_record
TN:
SF:src\auth\dto\verify-totp.dto.ts
FNF:0
FNH:0
DA:1,0
DA:3,0
DA:5,0
DA:8,0
LF:4
LH:0
BRF:0
BRH:0
end_of_record
TN:
SF:src\auth\entities\refreshToken.entity.ts
FN:24,(anonymous_2)
FN:24,(anonymous_3)
FNF:2
FNH:0
FNDA:0,(anonymous_2)
FNDA:0,(anonymous_3)
DA:1,11
DA:10,11
DA:17,11
DA:19,11
DA:22,11
DA:24,0
DA:25,11
DA:28,11
DA:31,11
DA:34,11
DA:37,11
DA:40,11
DA:43,11
DA:46,11
DA:49,11
LF:15
LH:14
BRF:0
BRH:0
end_of_record
TN:
SF:src\auth\entities\trusted-device.entity.ts
FN:25,(anonymous_2)
FNF:1
FNH:0
FNDA:0,(anonymous_2)
DA:1,0
DA:9,0
DA:20,0
DA:22,0
DA:25,0
DA:26,0
DA:30,0
DA:34,0
DA:38,0
DA:41,0
LF:10
LH:0
BRF:0
BRH:0
end_of_record
TN:
SF:src\auth\entities\user.entity.ts
FN:2,(anonymous_0)
FNF:1
FNH:0
FNDA:0,(anonymous_0)
DA:2,0
LF:1
LH:0
BRF:0
BRH:0
end_of_record
TN:
SF:src\auth\guard\jwt.auth.guard.ts
FN:8,(anonymous_2)
FN:12,(anonymous_3)
FNF:2
FNH:0
FNDA:0,(anonymous_2)
FNDA:0,(anonymous_3)
DA:1,0
DA:2,0
DA:3,0
DA:4,0
DA:7,0
DA:8,0
DA:9,0
DA:13,0
DA:18,0
DA:19,0
DA:22,0
LF:11
LH:0
BRDA:18,0,0,0
BRF:1
BRH:0
end_of_record
TN:
SF:src\auth\guard\roles.guard.ts
FN:20,(anonymous_2)
FN:22,(anonymous_3)
FN:43,(anonymous_4)
FNF:3
FNH:3
FNDA:4,(anonymous_2)
FNDA:4,(anonymous_3)
FNDA:2,(anonymous_4)
DA:1,2
DA:7,2
DA:8,2
DA:9,2
DA:11,2
DA:19,2
DA:20,4
DA:23,4
DA:28,4
DA:29,1
DA:32,3
DA:35,3
DA:37,3
DA:38,1
DA:41,2
DA:42,2
DA:43,2
DA:46,2
DA:47,1
DA:51,1
LF:20
LH:20
BRDA:28,0,0,1
BRDA:37,1,0,1
BRDA:41,2,0,2
BRDA:41,2,1,0
BRDA:46,3,0,1
BRF:5
BRH:4
end_of_record
TN:
SF:src\auth\helper\jwt-helper.ts
FN:20,(anonymous_2)
FN:22,(anonymous_3)
FN:38,(anonymous_4)
FN:54,(anonymous_5)
FN:69,(anonymous_6)
FN:76,(anonymous_7)
FN:84,(anonymous_8)
FNF:7
FNH:6
FNDA:5,(anonymous_2)
FNDA:2,(anonymous_3)
FNDA:1,(anonymous_4)
FNDA:1,(anonymous_5)
FNDA:1,(anonymous_6)
FNDA:0,(anonymous_7)
FNDA:2,(anonymous_8)
DA:1,3
DA:2,3
DA:3,3
DA:17,3
DA:18,5
DA:20,5
DA:23,2
DA:24,2
DA:28,1
DA:30,1
DA:34,1
DA:39,1
DA:46,1
DA:55,1
DA:61,1
DA:70,1
DA:77,0
DA:78,0
DA:85,2
DA:86,2
DA:89,2
DA:90,1
DA:92,1
DA:94,1
LF:24
LH:22
BRDA:28,0,0,1
BRDA:28,0,1,0
BRDA:32,1,0,1
BRDA:32,1,1,0
BRDA:48,2,0,1
BRDA:48,2,1,1
BRDA:49,3,0,1
BRDA:49,3,1,1
BRDA:50,4,0,1
BRDA:50,4,1,1
BRDA:63,5,0,1
BRDA:63,5,1,1
BRDA:64,6,0,1
BRDA:64,6,1,1
BRDA:65,7,0,1
BRDA:65,7,1,1
BRDA:89,8,0,1
BRF:17
BRH:15
end_of_record
TN:
SF:src\auth\helper\user-helper.ts
FN:6,(anonymous_1)
FN:13,(anonymous_2)
FN:17,(anonymous_3)
FN:34,(anonymous_4)
FN:45,(anonymous_5)
FNF:5
FNH:4
FNDA:2,(anonymous_1)
FNDA:1,(anonymous_2)
FNDA:0,(anonymous_3)
FNDA:7,(anonymous_4)
FNDA:3,(anonymous_5)
DA:1,3
DA:3,3
DA:5,3
DA:10,2
DA:14,1
DA:18,0
DA:35,7
DA:36,7
DA:37,7
DA:38,7
DA:40,7
DA:46,3
DA:47,3
DA:49,3
LF:14
LH:13
BRDA:41,0,0,7
BRDA:41,0,1,5
BRDA:41,0,2,4
BRDA:41,0,3,3
BRDA:45,1,0,3
BRF:5
BRH:5
end_of_record
TN:
SF:src\auth\helper\user-messages.ts
FNF:0
FNH:0
DA:1,3
LF:1
LH:1
BRF:0
BRH:0
end_of_record
TN:
SF:src\auth\helpers\auth-cookies.ts
FN:21,setAuthCookies
FN:44,clearAuthCookies
FNF:2
FNH:0
FNDA:0,setAuthCookies
FNDA:0,clearAuthCookies
DA:19,0
DA:21,0
DA:26,0
DA:33,0
DA:34,0
DA:44,0
DA:45,0
DA:52,0
LF:8
LH:0
BRDA:33,0,0,0
BRF:1
BRH:0
end_of_record
TN:
SF:src\auth\passkey\passkey.controller.ts
FN:16,(anonymous_4)
FN:21,(anonymous_5)
FN:28,(anonymous_6)
FN:41,(anonymous_7)
FN:48,(anonymous_8)
FNF:5
FNH:0
FNDA:0,(anonymous_4)
FNDA:0,(anonymous_5)
FNDA:0,(anonymous_6)
FNDA:0,(anonymous_7)
FNDA:0,(anonymous_8)
DA:1,0
DA:9,0
DA:10,0
DA:11,0
DA:12,0
DA:15,0
DA:16,0
DA:21,0
DA:22,0
DA:28,0
DA:32,0
DA:41,0
DA:42,0
DA:48,0
DA:51,0
LF:15
LH:0
BRF:0
BRH:0
end_of_record
TN:
SF:src\auth\passkey\passkey.module.ts
FN:18,(anonymous_1)
FNF:1
FNH:0
FNDA:0,(anonymous_1)
DA:1,0
DA:2,0
DA:3,0
DA:4,0
DA:5,0
DA:6,0
DA:7,0
DA:8,0
DA:9,0
DA:10,0
DA:18,0
DA:32,0
LF:12
LH:0
BRDA:19,0,0,0
BRDA:19,0,1,0
BRDA:21,1,0,0
BRDA:21,1,1,0
BRF:4
BRH:0
end_of_record
TN:
SF:src\auth\passkey\passkey.service.ts
FN:27,(anonymous_4)
FN:35,(anonymous_5)
FN:42,(anonymous_6)
FN:46,(anonymous_7)
FN:75,(anonymous_8)
FN:113,(anonymous_9)
FN:131,(anonymous_10)
FN:146,(anonymous_11)
FN:161,(anonymous_12)
FN:175,(anonymous_13)
FN:196,(anonymous_14)
FNF:11
FNH:3
FNDA:1,(anonymous_4)
FNDA:0,(anonymous_5)
FNDA:1,(anonymous_6)
FNDA:1,(anonymous_7)
FNDA:0,(anonymous_8)
FNDA:0,(anonymous_9)
FNDA:0,(anonymous_10)
FNDA:0,(anonymous_11)
FNDA:0,(anonymous_12)
FNDA:0,(anonymous_13)
FNDA:0,(anonymous_14)
DA:1,1
DA:7,1
DA:8,1
DA:9,1
DA:15,1
DA:16,1
DA:17,1
DA:18,1
DA:21,1
DA:22,1
DA:29,1
DA:30,1
DA:31,1
DA:32,1
DA:36,0
DA:43,1
DA:47,1
DA:49,1
DA:50,0
DA:53,1
DA:67,1
DA:72,1
DA:76,0
DA:78,0
DA:79,0
DA:82,0
DA:84,0
DA:85,0
DA:88,0
DA:96,0
DA:97,0
DA:100,0
DA:101,0
DA:104,0
DA:108,0
DA:113,0
DA:120,0
DA:121,0
DA:123,0
DA:125,0
DA:132,0
DA:134,0
DA:135,0
DA:138,0
DA:139,0
DA:142,0
DA:146,0
DA:153,0
DA:158,0
DA:162,0
DA:164,0
DA:165,0
DA:168,0
DA:170,0
DA:171,0
DA:174,0
DA:176,0
DA:180,0
DA:181,0
DA:186,0
DA:196,0
DA:202,0
DA:203,0
DA:206,0
DA:207,0
DA:208,0
DA:210,0
DA:212,0
LF:68
LH:20
BRDA:37,0,0,0
BRDA:37,0,1,0
BRDA:43,1,0,1
BRDA:43,1,1,1
BRDA:49,2,0,0
BRDA:58,3,0,1
BRDA:58,3,1,0
BRDA:78,4,0,0
BRDA:84,5,0,0
BRDA:96,6,0,0
BRDA:96,7,0,0
BRDA:96,7,1,0
BRDA:100,8,0,0
BRDA:100,8,1,0
BRDA:112,9,0,0
BRDA:112,9,1,0
BRDA:115,10,0,0
BRDA:115,10,1,0
BRDA:134,11,0,0
BRDA:138,12,0,0
BRDA:145,13,0,0
BRDA:145,13,1,0
BRDA:148,14,0,0
BRDA:148,14,1,0
BRDA:164,15,0,0
BRDA:170,16,0,0
BRDA:174,17,0,0
BRDA:174,17,1,0
BRDA:180,18,0,0
BRDA:195,19,0,0
BRDA:195,19,1,0
BRDA:202,20,0,0
BRF:32
BRH:3
end_of_record
TN:
SF:src\auth\providers\generateTokens.provider.ts
FN:7,(anonymous_2)
FN:9,(anonymous_3)
FN:16,(anonymous_4)
FN:23,(anonymous_5)
FNF:4
FNH:0
FNDA:0,(anonymous_2)
FNDA:0,(anonymous_3)
FNDA:0,(anonymous_4)
FNDA:0,(anonymous_5)
DA:1,0
DA:2,0
DA:6,0
DA:7,0
DA:10,0
DA:17,0
DA:26,0
DA:31,0
LF:8
LH:0
BRDA:12,0,0,0
BRDA:12,0,1,0
BRDA:19,1,0,0
BRDA:19,1,1,0
BRF:4
BRH:0
end_of_record
TN:
SF:src\auth\providers\hashing.provider.ts
FN:6,(anonymous_1)
FN:11,(anonymous_2)
FNF:2
FNH:0
FNDA:0,(anonymous_1)
FNDA:0,(anonymous_2)
DA:1,1
DA:2,1
DA:5,1
DA:7,0
DA:8,0
DA:12,0
LF:6
LH:3
BRF:0
BRH:0
end_of_record
TN:
SF:src\auth\providers\manage-totp.provider.ts
FN:10,(anonymous_4)
FN:16,(anonymous_5)
FN:36,(anonymous_6)
FNF:3
FNH:0
FNDA:0,(anonymous_4)
FNDA:0,(anonymous_5)
FNDA:0,(anonymous_6)
DA:1,1
DA:2,1
DA:3,1
DA:4,1
DA:5,1
DA:9,1
DA:12,0
DA:13,0
DA:17,0
DA:18,0
DA:20,0
DA:24,0
DA:25,0
DA:28,0
DA:29,0
DA:30,0
DA:31,0
DA:33,0
DA:37,0
DA:38,0
DA:40,0
LF:21
LH:6
BRDA:18,0,0,0
BRDA:24,1,0,0
BRDA:38,2,0,0
BRDA:42,3,0,0
BRDA:42,3,1,0
BRF:5
BRH:0
end_of_record
TN:
SF:src\auth\providers\password-breach.service.ts
FN:9,(anonymous_1)
FN:18,(anonymous_2)
FNF:2
FNH:2
FNDA:7,(anonymous_1)
FNDA:6,(anonymous_2)
DA:1,2
DA:2,2
DA:3,2
DA:5,2
DA:6,2
DA:9,2
DA:10,7
DA:19,6
DA:23,6
DA:24,6
DA:26,6
DA:27,6
DA:32,5
DA:33,5
DA:34,7
DA:35,7
DA:36,2
DA:37,2
DA:38,1
DA:41,1
DA:45,1
DA:49,2
DA:50,1
DA:52,1
LF:24
LH:24
BRDA:35,0,0,2
BRDA:37,1,0,1
BRDA:49,2,0,1
BRF:3
BRH:3
end_of_record
TN:
SF:src\auth\providers\refreshToken.repository.ts
FN:9,(anonymous_4)
FN:14,(anonymous_5)
FN:35,(anonymous_6)
FN:40,(anonymous_7)
FN:44,(anonymous_8)
FN:48,(anonymous_9)
FN:57,(anonymous_10)
FN:61,(anonymous_11)
FN:68,(anonymous_12)
FN:72,(anonymous_13)
FN:83,(anonymous_14)
FNF:11
FNH:0
FNDA:0,(anonymous_4)
FNDA:0,(anonymous_5)
FNDA:0,(anonymous_6)
FNDA:0,(anonymous_7)
FNDA:0,(anonymous_8)
FNDA:0,(anonymous_9)
FNDA:0,(anonymous_10)
FNDA:0,(anonymous_11)
FNDA:0,(anonymous_12)
FNDA:0,(anonymous_13)
FNDA:0,(anonymous_14)
DA:1,1
DA:2,1
DA:3,1
DA:4,1
DA:8,1
DA:11,0
DA:20,0
DA:22,0
DA:32,0
DA:36,0
DA:37,0
DA:41,0
DA:45,0
DA:49,0
DA:50,0
DA:51,0
DA:52,0
DA:53,0
DA:54,0
DA:58,0
DA:62,0
DA:69,0
DA:73,0
DA:74,0
DA:76,0
DA:77,0
DA:78,0
DA:80,0
DA:84,0
LF:29
LH:5
BRDA:50,0,0,0
BRDA:51,1,0,0
BRDA:52,2,0,0
BRDA:53,3,0,0
BRDA:53,4,0,0
BRDA:53,4,1,0
BRDA:74,5,0,0
BRDA:77,6,0,0
BRDA:77,7,0,0
BRDA:77,7,1,0
BRF:10
BRH:0
end_of_record
TN:
SF:src\auth\providers\setup-totp.provider.ts
FN:14,(anonymous_4)
FN:19,(anonymous_5)
FN:37,(anonymous_6)
FN:49,(anonymous_7)
FN:53,(anonymous_8)
FNF:5
FNH:0
FNDA:0,(anonymous_4)
FNDA:0,(anonymous_5)
FNDA:0,(anonymous_6)
FNDA:0,(anonymous_7)
FNDA:0,(anonymous_8)
DA:1,1
DA:2,1
DA:3,1
DA:4,1
DA:5,1
DA:6,1
DA:7,1
DA:8,1
DA:10,1
DA:13,1
DA:16,0
DA:20,0
DA:21,0
DA:23,0
DA:24,0
DA:25,0
DA:27,0
DA:32,0
DA:34,0
DA:38,0
DA:39,0
DA:40,0
DA:43,0
DA:44,0
DA:45,0
DA:49,0
DA:50,0
DA:52,0
DA:53,0
DA:56,0
DA:57,0
DA:58,0
DA:60,0
LF:33
LH:10
BRDA:21,0,0,0
BRDA:39,1,0,0
BRDA:39,2,0,0
BRDA:39,2,1,0
BRDA:44,3,0,0
BRF:5
BRH:0
end_of_record
TN:
SF:src\auth\providers\trusted-device.service.ts
FN:31,(anonymous_4)
FN:42,(anonymous_5)
FN:68,(anonymous_6)
FN:87,(anonymous_7)
FN:101,(anonymous_8)
FN:122,(anonymous_9)
FN:132,(anonymous_10)
FNF:7
FNH:0
FNDA:0,(anonymous_4)
FNDA:0,(anonymous_5)
FNDA:0,(anonymous_6)
FNDA:0,(anonymous_7)
FNDA:0,(anonymous_8)
FNDA:0,(anonymous_9)
FNDA:0,(anonymous_10)
DA:1,0
DA:6,0
DA:7,0
DA:8,0
DA:9,0
DA:10,0
DA:14,0
DA:17,0
DA:20,0
DA:30,0
DA:33,0
DA:46,0
DA:47,0
DA:49,0
DA:50,0
DA:52,0
DA:61,0
DA:69,0
DA:71,0
DA:75,0
DA:76,0
DA:77,0
DA:78,0
DA:81,0
DA:90,0
DA:91,0
DA:102,0
DA:107,0
DA:108,0
DA:111,0
DA:112,0
DA:115,0
DA:123,0
DA:126,0
DA:127,0
DA:133,0
LF:36
LH:0
BRDA:44,0,0,0
BRDA:76,1,0,0
BRDA:78,2,0,0
BRDA:107,3,0,0
BRDA:111,4,0,0
BRF:5
BRH:0
end_of_record
TN:
SF:src\auth\providers\verify-totp.provider.ts
FN:13,(anonymous_4)
FN:19,(anonymous_5)
FN:40,(anonymous_6)
FN:69,(anonymous_7)
FNF:4
FNH:0
FNDA:0,(anonymous_4)
FNDA:0,(anonymous_5)
FNDA:0,(anonymous_6)
FNDA:0,(anonymous_7)
DA:1,1
DA:2,1
DA:3,1
DA:4,1
DA:5,1
DA:6,1
DA:7,1
DA:12,1
DA:15,0
DA:16,0
DA:20,0
DA:21,0
DA:24,0
DA:25,0
DA:28,0
DA:29,0
DA:30,0
DA:33,0
DA:34,0
DA:41,0
DA:42,0
DA:45,0
DA:46,0
DA:51,0
DA:52,0
DA:53,0
DA:57,0
DA:58,0
DA:59,0
DA:63,0
DA:64,0
DA:68,0
DA:69,0
DA:71,0
DA:73,0
DA:74,0
LF:36
LH:8
BRDA:24,0,0,0
BRDA:24,1,0,0
BRDA:24,1,1,0
BRDA:29,2,0,0
BRDA:45,3,0,0
BRDA:45,4,0,0
BRDA:45,4,1,0
BRDA:57,5,0,0
BRDA:63,6,0,0
BRF:9
BRH:0
end_of_record
TN:
SF:src\auth\sso\saml-user-provisioning.service.ts
FN:46,(anonymous_4)
FN:51,(anonymous_5)
FN:94,(anonymous_6)
FNF:3
FNH:3
FNDA:5,(anonymous_4)
FNDA:5,(anonymous_5)
FNDA:2,(anonymous_6)
DA:1,1
DA:2,1
DA:3,1
DA:4,1
DA:5,1
DA:6,1
DA:43,1
DA:44,5
DA:48,5
DA:52,5
DA:53,5
DA:54,1
DA:59,4
DA:60,4
DA:62,4
DA:63,2
DA:75,2
DA:76,2
DA:77,2
DA:78,2
DA:80,1
DA:81,1
DA:82,1
DA:85,4
DA:95,2
DA:96,2
LF:26
LH:26
BRDA:52,0,0,5
BRDA:52,0,1,2
BRDA:52,0,2,1
BRDA:53,1,0,1
BRDA:62,2,0,2
BRDA:62,2,1,2
BRDA:65,3,0,2
BRDA:65,3,1,1
BRDA:66,4,0,2
BRDA:66,4,1,1
BRDA:78,5,0,1
BRF:11
BRH:11
end_of_record
TN:
SF:src\auth\sso\saml.config.ts
FN:34,buildSamlConfig
FNF:1
FNH:0
FNDA:0,buildSamlConfig
DA:34,0
DA:35,0
DA:36,0
DA:37,0
DA:38,0
DA:39,0
DA:42,0
DA:45,0
DA:47,0
LF:9
LH:0
BRDA:35,0,0,0
BRDA:35,0,1,0
BRDA:36,1,0,0
BRDA:36,1,1,0
BRDA:37,2,0,0
BRDA:37,2,1,0
BRDA:38,3,0,0
BRDA:38,3,1,0
BRDA:39,4,0,0
BRDA:39,4,1,0
BRDA:42,5,0,0
BRDA:42,5,1,0
BRDA:45,6,0,0
BRDA:45,6,1,0
BRDA:45,6,2,0
BRDA:45,6,3,0
BRDA:55,7,0,0
BRDA:55,7,1,0
BRF:18
BRH:0
end_of_record
TN:
SF:src\auth\sso\saml.strategy.ts
FN:27,(anonymous_2)
FN:46,(anonymous_3)
FN:72,(anonymous_4)
FNF:3
FNH:0
FNDA:0,(anonymous_2)
FNDA:0,(anonymous_3)
FNDA:0,(anonymous_4)
DA:1,0
DA:2,0
DA:3,0
DA:4,0
DA:5,0
DA:24,0
DA:29,0
DA:31,0
DA:32,0
DA:47,0
DA:48,0
DA:49,0
DA:51,0
DA:66,0
DA:68,0
DA:73,0
DA:76,0
LF:17
LH:0
BRDA:34,0,0,0
BRDA:34,0,1,0
BRDA:35,1,0,0
BRDA:35,1,1,0
BRDA:36,2,0,0
BRDA:36,2,1,0
BRDA:37,3,0,0
BRDA:37,3,1,0
BRDA:48,4,0,0
BRDA:54,5,0,0
BRDA:54,5,1,0
BRDA:57,6,0,0
BRDA:57,6,1,0
BRDA:57,6,2,0
BRDA:61,7,0,0
BRDA:61,7,1,0
BRDA:61,7,2,0
BRF:17
BRH:0
end_of_record
TN:
SF:src\auth\sso\sso.controller.ts
FN:43,(anonymous_4)
FN:55,(anonymous_5)
FN:63,(anonymous_6)
FN:72,(anonymous_7)
FN:98,(anonymous_8)
FN:146,(anonymous_9)
FN:169,(anonymous_10)
FN:181,(anonymous_11)
FN:195,(anonymous_12)
FN:201,(anonymous_13)
FN:202,(anonymous_14)
FN:218,(anonymous_15)
FN:233,(anonymous_16)
FNF:13
FNH:0
FNDA:0,(anonymous_4)
FNDA:0,(anonymous_5)
FNDA:0,(anonymous_6)
FNDA:0,(anonymous_7)
FNDA:0,(anonymous_8)
FNDA:0,(anonymous_9)
FNDA:0,(anonymous_10)
FNDA:0,(anonymous_11)
FNDA:0,(anonymous_12)
FNDA:0,(anonymous_13)
FNDA:0,(anonymous_14)
FNDA:0,(anonymous_15)
FNDA:0,(anonymous_16)
DA:1,0
DA:13,0
DA:15,0
DA:16,0
DA:17,0
DA:18,0
DA:19,0
DA:20,0
DA:40,0
DA:41,0
DA:44,0
DA:45,0
DA:48,0
DA:55,0
DA:56,0
DA:63,0
DA:72,0
DA:77,0
DA:78,0
DA:79,0
DA:81,0
DA:98,0
DA:103,0
DA:104,0
DA:105,0
DA:110,0
DA:111,0
DA:112,0
DA:115,0
DA:116,0
DA:117,0
DA:118,0
DA:120,0
DA:121,0
DA:122,0
DA:124,0
DA:126,0
DA:129,0
DA:131,0
DA:136,0
DA:146,0
DA:147,0
DA:148,0
DA:149,0
DA:151,0
DA:152,0
DA:154,0
DA:163,0
DA:169,0
DA:174,0
DA:175,0
DA:176,0
DA:178,0
DA:182,0
DA:201,0
DA:202,0
DA:203,0
DA:204,0
DA:209,0
DA:210,0
DA:215,0
DA:216,0
DA:218,0
DA:219,0
DA:220,0
DA:221,0
DA:224,0
DA:225,0
DA:227,0
DA:234,0
LF:70
LH:0
BRDA:77,0,0,0
BRDA:103,1,0,0
BRDA:111,2,0,0
BRDA:116,3,0,0
BRDA:124,4,0,0
BRDA:124,4,1,0
BRDA:133,5,0,0
BRDA:133,5,1,0
BRDA:147,6,0,0
BRDA:151,7,0,0
BRDA:151,7,1,0
BRDA:152,8,0,0
BRDA:152,8,1,0
BRDA:174,9,0,0
BRDA:203,10,0,0
BRDA:203,11,0,0
BRDA:203,11,1,0
BRDA:206,12,0,0
BRDA:206,12,1,0
BRDA:209,13,0,0
BRDA:212,14,0,0
BRDA:212,14,1,0
BRDA:219,15,0,0
BRF:23
BRH:0
end_of_record
TN:
SF:src\auth\sso\sso.module.ts
FN:40,(anonymous_2)
FN:42,(anonymous_3)
FNF:2
FNH:0
FNDA:0,(anonymous_2)
FNDA:0,(anonymous_3)
DA:1,0
DA:2,0
DA:3,0
DA:4,0
DA:5,0
DA:6,0
DA:7,0
DA:8,0
DA:9,0
DA:10,0
DA:11,0
DA:39,0
DA:40,0
DA:48,0
LF:14
LH:0
BRF:0
BRH:0
end_of_record
TN:
SF:src\auth\strategy\jwt.strategy.ts
FN:10,(anonymous_2)
FN:28,(anonymous_3)
FNF:2
FNH:0
FNDA:0,(anonymous_2)
FNDA:0,(anonymous_3)
DA:1,0
DA:2,0
DA:3,0
DA:4,0
DA:5,0
DA:9,0
DA:10,0
DA:11,0
DA:12,0
DA:13,0
DA:16,0
DA:17,0
DA:19,0
DA:29,0
DA:30,0
DA:31,0
DA:39,0
LF:17
LH:0
BRDA:12,0,0,0
BRDA:16,1,0,0
BRDA:16,1,1,0
BRDA:17,2,0,0
BRDA:17,2,1,0
BRF:5
BRH:0
end_of_record
TN:
SF:src\bookings\bookings.controller.ts
FN:35,(anonymous_4)
FN:47,(anonymous_5)
FN:57,(anonymous_6)
FN:69,(anonymous_7)
FN:85,(anonymous_8)
FN:108,(anonymous_9)
FN:122,(anonymous_10)
FN:130,(anonymous_11)
FN:144,(anonymous_12)
FNF:9
FNH:0
FNDA:0,(anonymous_4)
FNDA:0,(anonymous_5)
FNDA:0,(anonymous_6)
FNDA:0,(anonymous_7)
FNDA:0,(anonymous_8)
FNDA:0,(anonymous_9)
FNDA:0,(anonymous_10)
FNDA:0,(anonymous_11)
FNDA:0,(anonymous_12)
DA:1,1
DA:14,1
DA:20,1
DA:21,1
DA:22,1
DA:23,1
DA:24,1
DA:25,1
DA:26,1
DA:27,1
DA:28,1
DA:29,1
DA:34,1
DA:35,0
DA:47,1
DA:48,0
DA:49,0
DA:57,1
DA:61,0
DA:62,0
DA:69,1
DA:74,0
DA:75,0
DA:85,1
DA:92,0
DA:99,0
DA:100,0
DA:108,1
DA:113,0
DA:114,0
DA:122,1
DA:123,0
DA:124,0
DA:130,1
DA:135,0
DA:136,0
DA:144,1
DA:145,0
DA:146,0
LF:39
LH:21
BRDA:95,0,0,0
BRDA:95,0,1,0
BRF:2
BRH:0
end_of_record
TN:
SF:src\bookings\bookings.module.ts
FNF:0
FNH:0
DA:1,0
DA:2,0
DA:3,0
DA:4,0
DA:5,0
DA:6,0
DA:7,0
DA:8,0
DA:9,0
DA:10,0
DA:11,0
DA:12,0
DA:13,0
DA:14,0
DA:15,0
DA:16,0
DA:17,0
DA:18,0
DA:19,0
DA:43,0
LF:20
LH:0
BRF:0
BRH:0
end_of_record
TN:
SF:src\bookings\bookings.service.ts
FN:18,(anonymous_2)
FN:33,(anonymous_3)
FN:41,(anonymous_4)
FN:49,(anonymous_5)
FN:60,(anonymous_6)
FN:68,(anonymous_7)
FN:72,(anonymous_8)
FN:76,(anonymous_9)
FN:80,(anonymous_10)
FN:96,(anonymous_11)
FNF:10
FNH:0
FNDA:0,(anonymous_2)
FNDA:0,(anonymous_3)
FNDA:0,(anonymous_4)
FNDA:0,(anonymous_5)
FNDA:0,(anonymous_6)
FNDA:0,(anonymous_7)
FNDA:0,(anonymous_8)
FNDA:0,(anonymous_9)
FNDA:0,(anonymous_10)
FNDA:0,(anonymous_11)
DA:1,2
DA:5,2
DA:6,2
DA:7,2
DA:8,2
DA:9,2
DA:10,2
DA:13,2
DA:17,2
DA:19,0
DA:20,0
DA:21,0
DA:22,0
DA:23,0
DA:24,0
DA:25,0
DA:34,0
DA:42,0
DA:50,0
DA:61,0
DA:69,0
DA:73,0
DA:77,0
DA:87,0
DA:97,0
LF:25
LH:9
BRF:0
BRH:0
end_of_record
TN:
SF:src\bookings\dto\booking-query.dto.ts
FN:13,(anonymous_2)
FN:16,(anonymous_3)
FN:23,(anonymous_4)
FNF:3
FNH:0
FNDA:0,(anonymous_2)
FNDA:0,(anonymous_3)
FNDA:0,(anonymous_4)
DA:1,1
DA:9,1
DA:10,1
DA:11,1
DA:13,1
DA:16,0
DA:19,1
DA:23,0
DA:26,1
DA:31,1
DA:36,1
DA:41,1
DA:46,1
DA:51,1
LF:14
LH:12
BRF:0
BRH:0
end_of_record
TN:
SF:src\bookings\dto\create-booking.dto.ts
FNF:0
FNH:0
DA:1,1
DA:10,1
DA:11,1
DA:13,1
DA:16,1
DA:20,1
DA:24,1
DA:28,1
DA:33,1
DA:38,1
LF:10
LH:10
BRF:0
BRH:0
end_of_record
TN:
SF:src\bookings\dto\create-public-booking.dto.ts
FNF:0
FNH:0
DA:1,1
DA:8,1
DA:10,1
DA:14,1
DA:18,1
DA:23,1
DA:27,1
DA:31,1
LF:8
LH:8
BRF:0
BRH:0
end_of_record
TN:
SF:src\bookings\entities\booking.entity.ts
FN:29,(anonymous_2)
FN:36,(anonymous_3)
FN:95,(anonymous_4)
FNF:3
FNH:0
FNDA:0,(anonymous_2)
FNDA:0,(anonymous_3)
FNDA:0,(anonymous_4)
DA:1,8
DA:11,8
DA:12,8
DA:13,8
DA:14,8
DA:15,8
DA:22,8
DA:24,8
DA:27,8
DA:29,0
DA:31,8
DA:34,8
DA:36,0
DA:38,8
DA:41,8
DA:44,8
DA:47,8
DA:51,8
DA:54,8
DA:63,8
DA:66,8
DA:69,8
DA:74,8
DA:77,8
DA:80,8
DA:83,8
DA:86,8
DA:89,8
DA:93,8
DA:95,0
DA:97,8
LF:31
LH:28
BRF:0
BRH:0
end_of_record
TN:
SF:src\bookings\enums\booking-status.enum.ts
FN:1,(anonymous_0)
FNF:1
FNH:1
FNDA:8,(anonymous_0)
DA:1,8
DA:2,8
DA:3,8
DA:4,8
DA:5,8
DA:12,8
LF:6
LH:6
BRDA:1,0,0,8
BRDA:1,0,1,8
BRF:2
BRH:2
end_of_record
TN:
SF:src\bookings\enums\plan-type.enum.ts
FN:1,(anonymous_0)
FNF:1
FNH:1
FNDA:9,(anonymous_0)
DA:1,9
DA:2,9
DA:3,9
DA:4,9
DA:5,9
DA:6,9
LF:6
LH:6
BRDA:1,0,0,9
BRDA:1,0,1,9
BRF:2
BRH:2
end_of_record
TN:
SF:src\bookings\pricing\pricing.service.ts
FN:29,(anonymous_1)
FN:52,(anonymous_2)
FNF:2
FNH:0
FNDA:0,(anonymous_1)
FNDA:0,(anonymous_2)
DA:1,4
DA:2,4
DA:4,4
DA:6,4
DA:14,4
DA:23,4
DA:38,0
DA:39,0
DA:40,0
DA:41,0
DA:42,0
DA:44,0
DA:47,0
DA:48,0
DA:49,0
DA:53,0
LF:16
LH:6
BRDA:38,0,0,0
BRDA:38,0,1,0
BRF:2
BRH:0
end_of_record
TN:
SF:src\bookings\providers\booking-expiry.policy.ts
FN:31,(anonymous_2)
FN:36,(anonymous_3)
FN:47,(anonymous_4)
FN:58,(anonymous_5)
FNF:4
FNH:4
FNDA:22,(anonymous_2)
FNDA:31,(anonymous_3)
FNDA:16,(anonymous_4)
FNDA:31,(anonymous_5)
DA:1,6
DA:2,6
DA:3,6
DA:11,6
DA:19,6
DA:30,6
DA:31,22
DA:37,31
DA:38,31
DA:52,16
DA:59,31
DA:60,31
DA:62,31
DA:65,31
DA:66,1
DA:68,30
LF:16
LH:16
BRDA:36,0,0,19
BRDA:53,1,0,16
BRDA:53,1,1,3
BRDA:62,2,0,10
BRDA:62,2,1,21
BRDA:62,3,0,31
BRDA:62,3,1,21
BRDA:65,4,0,1
BRDA:65,5,0,31
BRDA:65,5,1,2
BRF:10
BRH:10
end_of_record
TN:
SF:src\bookings\providers\booking-expiry.service.ts
FN:42,(anonymous_4)
FN:50,(anonymous_5)
FN:70,(anonymous_6)
FN:84,(anonymous_7)
FN:88,(anonymous_8)
FN:94,(anonymous_9)
FNF:6
FNH:6
FNDA:10,(anonymous_4)
FNDA:1,(anonymous_5)
FNDA:11,(anonymous_6)
FNDA:14,(anonymous_7)
FNDA:11,(anonymous_8)
FNDA:5,(anonymous_9)
DA:1,2
DA:2,2
DA:3,2
DA:4,2
DA:5,2
DA:6,2
DA:7,2
DA:8,2
DA:9,2
DA:10,2
DA:39,2
DA:40,10
DA:44,10
DA:45,10
DA:46,10
DA:50,2
DA:51,1
DA:52,1
DA:53,0
DA:54,0
DA:59,1
DA:71,11
DA:72,11
DA:73,11
DA:77,11
DA:78,51
DA:82,50
DA:85,14
DA:88,11
DA:90,50
DA:91,45
DA:94,5
DA:98,5
DA:106,5
DA:114,5
DA:120,5
DA:121,5
DA:124,10
LF:38
LH:36
BRDA:53,0,0,0
BRDA:90,1,0,45
BRDA:115,2,0,5
BRDA:115,2,1,0
BRDA:116,3,0,5
BRDA:116,3,1,0
BRF:6
BRH:3
end_of_record
TN:
SF:src\bookings\providers\cancel-booking.provider.ts
FN:22,(anonymous_4)
FN:31,(anonymous_5)
FN:69,(anonymous_6)
FN:90,(anonymous_7)
FNF:4
FNH:0
FNDA:0,(anonymous_4)
FNDA:0,(anonymous_5)
FNDA:0,(anonymous_6)
FNDA:0,(anonymous_7)
DA:1,2
DA:9,2
DA:10,2
DA:11,2
DA:12,2
DA:13,2
DA:14,2
DA:15,2
DA:16,2
DA:19,2
DA:20,0
DA:24,0
DA:26,0
DA:27,0
DA:28,0
DA:36,0
DA:39,0
DA:40,0
DA:44,0
DA:48,0
DA:49,0
DA:52,0
DA:56,0
DA:61,0
DA:62,0
DA:65,0
DA:70,0
DA:72,0
DA:73,0
DA:84,0
DA:85,0
DA:91,0
DA:96,0
LF:33
LH:10
BRDA:39,0,0,0
BRDA:44,1,0,0
BRDA:44,1,1,0
BRDA:44,1,2,0
BRDA:48,2,0,0
BRDA:48,3,0,0
BRDA:48,3,1,0
BRDA:52,4,0,0
BRDA:53,5,0,0
BRDA:53,5,1,0
BRDA:70,6,0,0
BRDA:70,7,0,0
BRDA:70,7,1,0
BRDA:72,8,0,0
BRDA:72,8,1,0
BRDA:84,9,0,0
BRF:16
BRH:0
end_of_record
TN:
SF:src\bookings\providers\complete-booking.provider.ts
FN:13,(anonymous_4)
FN:18,(anonymous_5)
FNF:2
FNH:0
FNDA:0,(anonymous_4)
FNDA:0,(anonymous_5)
DA:1,2
DA:6,2
DA:7,2
DA:8,2
DA:9,2
DA:12,2
DA:15,0
DA:19,0
DA:22,0
DA:23,0
DA:25,0
DA:26,0
DA:29,0
DA:30,0
LF:14
LH:6
BRDA:22,0,0,0
BRDA:25,1,0,0
BRF:2
BRH:0
end_of_record
TN:
SF:src\bookings\providers\confirm-booking.provider.ts
FN:18,activateMembershipIfNeeded
FN:33,(anonymous_5)
FN:49,(anonymous_6)
FNF:3
FNH:1
FNDA:2,activateMembershipIfNeeded
FNDA:0,(anonymous_5)
FNDA:0,(anonymous_6)
DA:1,4
DA:6,4
DA:7,4
DA:8,4
DA:9,4
DA:10,4
DA:11,4
DA:18,4
DA:22,2
DA:23,0
DA:24,0
DA:25,0
DA:26,0
DA:27,0
DA:32,4
DA:35,0
DA:37,0
DA:51,0
DA:62,0
DA:65,0
DA:68,0
DA:69,0
DA:71,0
DA:77,0
DA:80,0
DA:82,0
LF:26
LH:10
BRDA:22,0,0,2
BRDA:24,1,0,0
BRDA:24,2,0,0
BRDA:24,2,1,0
BRDA:62,3,0,0
BRDA:62,4,0,0
BRDA:62,4,1,0
BRDA:68,5,0,0
BRF:8
BRH:1
end_of_record
TN:
SF:src\bookings\providers\create-booking.provider.ts
FN:24,(anonymous_4)
FN:36,(anonymous_5)
FN:41,(anonymous_6)
FN:91,(anonymous_7)
FN:112,(anonymous_8)
FNF:5
FNH:4
FNDA:8,(anonymous_4)
FNDA:3,(anonymous_5)
FNDA:3,(anonymous_6)
FNDA:3,(anonymous_7)
FNDA:0,(anonymous_8)
DA:1,4
DA:8,4
DA:9,4
DA:10,4
DA:12,4
DA:13,4
DA:14,4
DA:15,4
DA:16,4
DA:17,4
DA:18,4
DA:21,4
DA:22,8
DA:26,8
DA:28,8
DA:29,8
DA:30,8
DA:31,8
DA:32,8
DA:33,8
DA:37,3
DA:38,0
DA:41,3
DA:43,3
DA:49,3
DA:50,0
DA:52,3
DA:53,0
DA:58,3
DA:64,3
DA:65,0
DA:70,3
DA:78,3
DA:86,3
DA:89,3
DA:92,3
DA:93,0
DA:106,0
DA:107,0
DA:113,0
DA:118,3
LF:41
LH:33
BRDA:37,0,0,0
BRDA:49,1,0,0
BRDA:52,2,0,0
BRDA:64,3,0,0
BRDA:92,4,0,3
BRDA:106,5,0,0
BRF:6
BRH:1
end_of_record
TN:
SF:src\bookings\providers\create-public-day-pass.provider.ts
FN:25,(anonymous_4)
FN:38,(anonymous_5)
FN:49,(anonymous_6)
FNF:3
FNH:3
FNDA:8,(anonymous_4)
FNDA:18,(anonymous_5)
FNDA:18,(anonymous_6)
DA:1,4
DA:7,4
DA:8,4
DA:9,4
DA:10,4
DA:12,4
DA:13,4
DA:14,4
DA:15,4
DA:16,4
DA:17,4
DA:18,4
DA:19,4
DA:20,4
DA:21,4
DA:24,4
DA:27,8
DA:29,8
DA:30,8
DA:31,8
DA:32,8
DA:33,8
DA:34,8
DA:35,8
DA:44,18
DA:45,18
DA:46,0
DA:49,18
DA:50,18
DA:56,18
DA:57,0
DA:59,18
DA:60,0
DA:65,18
DA:71,18
DA:72,3
DA:77,15
DA:85,15
DA:103,15
DA:105,15
DA:112,15
DA:114,15
DA:117,15
DA:125,15
DA:126,15
DA:128,15
LF:46
LH:43
BRDA:45,0,0,0
BRDA:56,1,0,0
BRDA:59,2,0,0
BRDA:71,3,0,3
BRF:4
BRH:1
end_of_record
TN:
SF:src\bookings\providers\find-bookings.provider.ts
FN:18,(anonymous_4)
FN:23,(anonymous_5)
FN:80,(anonymous_6)
FNF:3
FNH:0
FNDA:0,(anonymous_4)
FNDA:0,(anonymous_5)
FNDA:0,(anonymous_6)
DA:1,2
DA:2,2
DA:3,2
DA:4,2
DA:6,2
DA:17,2
DA:20,0
DA:35,0
DA:38,0
DA:42,0
DA:57,0
DA:58,0
DA:59,0
DA:60,0
DA:63,0
DA:64,0
DA:65,0
DA:66,0
DA:67,0
DA:68,0
DA:70,0
DA:71,0
DA:77,0
DA:86,0
DA:90,0
DA:94,0
DA:95,0
DA:97,0
DA:98,0
DA:100,0
LF:30
LH:6
BRDA:29,0,0,0
BRDA:30,1,0,0
BRDA:38,2,0,0
BRDA:38,2,1,0
BRDA:38,2,2,0
BRDA:57,3,0,0
BRDA:57,3,1,0
BRDA:59,4,0,0
BRDA:63,5,0,0
BRDA:64,6,0,0
BRDA:66,7,0,0
BRDA:68,8,0,0
BRDA:86,9,0,0
BRDA:86,9,1,0
BRDA:86,9,2,0
BRDA:94,10,0,0
BRDA:97,11,0,0
BRDA:97,12,0,0
BRDA:97,12,1,0
BRF:19
BRH:0
end_of_record
TN:
SF:src\bookings\providers\reactivate-expired-booking.provider.ts
FN:28,(anonymous_2)
FN:30,(anonymous_3)
FN:31,(anonymous_4)
FNF:3
FNH:3
FNDA:9,(anonymous_2)
FNDA:8,(anonymous_3)
FNDA:8,(anonymous_4)
DA:1,3
DA:2,3
DA:3,3
DA:4,3
DA:5,3
DA:6,3
DA:7,3
DA:25,3
DA:26,9
DA:28,9
DA:31,8
DA:32,8
DA:35,8
DA:36,1
DA:38,7
DA:41,2
DA:42,1
DA:44,1
DA:49,5
DA:55,5
DA:56,1
DA:64,4
DA:78,4
DA:79,4
DA:80,2
DA:83,2
DA:86,2
DA:87,2
DA:90,2
DA:95,2
LF:30
LH:30
BRDA:35,0,0,1
BRDA:38,1,0,2
BRDA:41,2,0,1
BRDA:55,3,0,1
BRDA:78,4,0,4
BRDA:78,4,1,0
BRDA:79,5,0,2
BRF:7
BRH:6
end_of_record
TN:
SF:src\cloudinary\cloudinary.module.ts
FNF:0
FNH:0
DA:1,0
DA:2,0
DA:3,0
DA:11,0
LF:4
LH:0
BRF:0
BRH:0
end_of_record
TN:
SF:src\cloudinary\cloudinary.service.ts
FN:11,(anonymous_2)
FN:20,(anonymous_3)
FN:24,(anonymous_4)
FN:38,(anonymous_5)
FN:48,(anonymous_6)
FN:56,(anonymous_7)
FNF:6
FNH:0
FNDA:0,(anonymous_2)
FNDA:0,(anonymous_3)
FNDA:0,(anonymous_4)
FNDA:0,(anonymous_5)
FNDA:0,(anonymous_6)
FNDA:0,(anonymous_7)
DA:1,0
DA:2,0
DA:7,0
DA:10,0
DA:11,0
DA:24,0
DA:25,0
DA:39,0
DA:40,0
DA:44,0
DA:49,0
DA:50,0
DA:52,0
DA:58,0
DA:59,0
DA:60,0
DA:61,0
DA:62,0
LF:18
LH:0
BRDA:28,0,0,0
BRDA:28,0,1,0
BRDA:28,0,2,0
BRDA:39,1,0,0
BRF:4
BRH:0
end_of_record
TN:
SF:src\common\cors\cors-config.ts
FN:42,parseCorsOrigins
FN:71,resolveWsCorsConfigSafe
FN:111,resolveCorsConfig
FN:146,resolveWsCorsConfig
FNF:4
FNH:4
FNDA:25,parseCorsOrigins
FNDA:3,resolveWsCorsConfigSafe
FNDA:9,resolveCorsConfig
FNDA:8,resolveWsCorsConfig
DA:42,3
DA:45,25
DA:46,12
DA:47,12
DA:48,12
DA:49,20
DA:50,20
DA:51,15
DA:52,2
DA:56,13
DA:57,12
DA:58,12
DA:61,10
DA:71,3
DA:75,3
DA:76,3
DA:78,1
DA:79,1
DA:82,1
DA:87,0
DA:90,0
DA:98,3
DA:111,3
DA:115,9
DA:116,9
DA:118,9
DA:119,6
DA:120,3
DA:125,3
DA:128,3
DA:129,1
DA:131,2
DA:146,3
DA:150,8
DA:151,8
DA:153,8
DA:157,4
DA:158,3
DA:162,1
DA:165,4
LF:40
LH:38
BRDA:45,0,0,13
BRDA:50,1,0,5
BRDA:51,2,0,2
BRDA:51,3,0,15
BRDA:51,3,1,13
BRDA:56,4,0,12
BRDA:78,5,0,1
BRDA:78,5,1,0
BRDA:79,6,0,1
BRDA:118,7,0,6
BRDA:119,8,0,3
BRDA:128,9,0,1
BRDA:153,10,0,4
BRDA:157,11,0,3
BRDA:165,12,0,1
BRDA:165,12,1,3
BRF:16
BRH:15
end_of_record
TN:
SF:src\common\decorators\rate-limit.decorator.ts
FN:38,(anonymous_0)
FNF:1
FNH:0
FNDA:0,(anonymous_0)
DA:1,0
DA:7,0
DA:38,0
DA:39,0
LF:4
LH:0
BRF:0
BRH:0
end_of_record
TN:
SF:src\common\guards\composite-rate-limit.guard.ts
FN:18,(anonymous_1)
FN:30,(anonymous_2)
FN:41,(anonymous_3)
FNF:3
FNH:0
FNDA:0,(anonymous_1)
FNDA:0,(anonymous_2)
FNDA:0,(anonymous_3)
DA:1,0
DA:2,0
DA:4,0
DA:18,0
DA:19,0
DA:31,0
DA:32,0
DA:34,0
DA:38,0
DA:42,0
DA:48,0
DA:49,0
DA:57,0
DA:61,0
LF:14
LH:0
BRDA:32,0,0,0
BRDA:32,0,1,0
BRDA:34,1,0,0
BRDA:34,1,1,0
BRDA:34,1,2,0
BRDA:48,2,0,0
BRF:6
BRH:0
end_of_record
TN:
SF:src\common\guards\csrf.guard.ts
FN:18,(anonymous_2)
FN:20,(anonymous_3)
FNF:2
FNH:0
FNDA:0,(anonymous_2)
FNDA:0,(anonymous_3)
DA:1,0
DA:7,0
DA:9,0
DA:11,0
DA:12,0
DA:14,0
DA:17,0
DA:18,0
DA:21,0
DA:26,0
DA:27,0
DA:30,0
DA:31,0
DA:33,0
DA:34,0
DA:35,0
DA:37,0
DA:38,0
DA:42,0
LF:19
LH:0
BRDA:26,0,0,0
BRDA:33,1,0,0
BRDA:37,2,0,0
BRDA:37,3,0,0
BRDA:37,3,1,0
BRDA:37,3,2,0
BRF:6
BRH:0
end_of_record
TN:
SF:src\common\middlewares\content-type.middleware.ts
FN:20,(anonymous_1)
FN:36,(anonymous_2)
FNF:2
FNH:0
FNDA:0,(anonymous_1)
FNDA:0,(anonymous_2)
DA:2,0
DA:16,0
DA:17,0
DA:21,0
DA:23,0
DA:27,0
DA:30,0
DA:31,0
DA:33,0
DA:37,0
DA:38,0
DA:41,0
DA:42,0
DA:45,0
DA:47,0
DA:48,0
DA:53,0
DA:56,0
LF:18
LH:0
BRDA:21,0,0,0
BRDA:21,0,1,0
BRDA:23,1,0,0
BRDA:24,2,0,0
BRDA:24,2,1,0
BRDA:30,3,0,0
BRDA:30,4,0,0
BRDA:30,4,1,0
BRDA:37,5,0,0
BRDA:41,6,0,0
BRDA:45,7,0,0
BRDA:45,7,1,0
BRDA:47,8,0,0
BRF:13
BRH:0
end_of_record
TN:
SF:src\common\middlewares\csrf.middleware.ts
FN:6,(anonymous_1)
FNF:1
FNH:0
FNDA:0,(anonymous_1)
DA:2,0
DA:5,0
DA:7,0
DA:9,0
DA:11,0
DA:18,0
LF:6
LH:0
BRDA:7,0,0,0
BRF:1
BRH:0
end_of_record
TN:
SF:src\common\middlewares\httpLogger.middleware.ts
FN:6,(anonymous_1)
FN:11,(anonymous_2)
FNF:2
FNH:0
FNDA:0,(anonymous_1)
FNDA:0,(anonymous_2)
DA:2,0
DA:5,0
DA:7,0
DA:8,0
DA:9,0
DA:11,0
DA:12,0
DA:13,0
DA:14,0
DA:15,0
DA:16,0
DA:17,0
DA:22,0
LF:13
LH:0
BRDA:9,0,0,0
BRDA:9,0,1,0
BRF:2
BRH:0
end_of_record
TN:
SF:src\common\transformers\sanitize-string.transformer.ts
FN:11,SanitizeString
FN:12,(anonymous_1)
FNF:2
FNH:0
FNDA:0,SanitizeString
FNDA:0,(anonymous_1)
DA:1,0
DA:11,0
DA:12,0
DA:13,0
DA:14,0
DA:17,0
DA:20,0
DA:23,0
DA:26,0
DA:29,0
DA:31,0
LF:11
LH:0
BRDA:13,0,0,0
BRF:1
BRH:0
end_of_record
TN:
SF:src\common\utils\ip.util.ts
FN:26,maskIpv4
FN:37,(anonymous_1)
FN:45,isIpv4
FN:53,isIpv6
FN:65,maskIp
FN:80,requiresSecurityRetention
FNF:6
FNH:6
FNDA:21,maskIpv4
FNDA:31,(anonymous_1)
FNDA:6,isIpv4
FNDA:11,isIpv6
FNDA:7,maskIp
FNDA:5,requiresSecurityRetention
DA:26,4
DA:27,21
DA:29,17
DA:31,17
DA:32,17
DA:33,17
DA:36,11
DA:37,31
DA:39,10
DA:45,4
DA:46,6
DA:53,4
DA:54,11
DA:55,8
DA:65,4
DA:66,7
DA:67,3
DA:68,2
DA:69,1
DA:80,4
DA:83,5
LF:21
LH:21
BRDA:27,0,0,4
BRDA:33,1,0,6
BRDA:37,2,0,1
BRDA:54,3,0,3
BRDA:66,4,0,4
BRDA:67,5,0,1
BRDA:68,6,0,1
BRF:7
BRH:7
end_of_record
TN:
SF:src\config\app.config.ts
FN:6,(anonymous_0)
FNF:1
FNH:0
FNDA:0,(anonymous_0)
DA:6,0
LF:1
LH:0
BRF:0
BRH:0
end_of_record
TN:
SF:src\config\database-config.ts
FN:11,(anonymous_0)
FNF:1
FNH:0
FNDA:0,(anonymous_0)
DA:1,0
DA:11,0
LF:2
LH:0
BRDA:12,0,0,0
BRDA:12,0,1,0
BRDA:13,1,0,0
BRDA:13,1,1,0
BRDA:14,2,0,0
BRDA:14,2,1,0
BRDA:15,3,0,0
BRDA:15,3,1,0
BRDA:16,4,0,0
BRDA:16,4,1,0
BRDA:17,5,0,0
BRDA:17,5,1,0
BRF:12
BRH:0
end_of_record
TN:
SF:src\config\pagination\dto\pagination-query.dto.ts
FN:4,(anonymous_2)
FN:6,(anonymous_3)
FN:12,(anonymous_4)
FN:19,(anonymous_5)
FN:23,(anonymous_6)
FNF:5
FNH:0
FNDA:0,(anonymous_2)
FNDA:0,(anonymous_3)
FNDA:0,(anonymous_4)
FNDA:0,(anonymous_5)
FNDA:0,(anonymous_6)
DA:1,0
DA:2,0
DA:4,0
DA:6,0
DA:9,0
DA:12,0
DA:16,0
DA:19,0
DA:20,0
DA:23,0
DA:24,0
LF:11
LH:0
BRF:0
BRH:0
end_of_record
TN:
SF:src\config\secrets\aws-secrets.provider.ts
FN:33,(anonymous_2)
FN:50,(anonymous_3)
FN:60,(anonymous_4)
FN:117,(anonymous_5)
FN:130,(anonymous_6)
FN:141,(anonymous_7)
FNF:6
FNH:6
FNDA:8,(anonymous_2)
FNDA:8,(anonymous_3)
FNDA:9,(anonymous_4)
FNDA:8,(anonymous_5)
FNDA:1,(anonymous_6)
FNDA:1,(anonymous_7)
DA:1,1
DA:2,1
DA:3,1
DA:7,1
DA:23,1
DA:24,8
DA:28,8
DA:29,8
DA:31,8
DA:34,8
DA:35,8
DA:39,8
DA:43,8
DA:51,8
DA:52,8
DA:54,8
DA:61,9
DA:62,1
DA:65,8
DA:66,0
DA:72,8
DA:73,8
DA:74,8
DA:77,8
DA:80,6
DA:85,6
DA:86,0
DA:93,6
DA:94,6
DA:95,5
DA:96,5
DA:97,6
DA:101,1
DA:102,1
DA:105,6
DA:106,6
DA:108,6
DA:110,2
DA:113,2
DA:118,8
DA:119,8
DA:120,6
DA:122,2
DA:126,2
DA:131,1
DA:132,1
DA:133,0
DA:138,1
DA:142,1
DA:143,1
DA:144,1
DA:145,2
DA:147,1
LF:53
LH:50
BRDA:36,0,0,8
BRDA:36,0,1,0
BRDA:36,0,2,0
BRDA:40,1,0,8
BRDA:40,1,1,0
BRDA:40,1,2,0
BRDA:44,2,0,8
BRDA:44,2,1,0
BRDA:51,3,0,8
BRDA:61,4,0,1
BRDA:61,5,0,9
BRDA:61,5,1,1
BRDA:65,6,0,0
BRDA:80,7,0,6
BRDA:80,7,1,1
BRDA:81,8,0,1
BRDA:81,8,1,0
BRDA:85,9,0,0
BRDA:101,10,0,1
BRDA:101,10,1,0
BRDA:132,11,0,0
BRF:21
BRH:11
end_of_record
TN:
SF:src\config\secrets\doppler-secrets.provider.ts
FN:24,(anonymous_2)
FN:40,(anonymous_3)
FN:79,(anonymous_4)
FN:92,(anonymous_5)
FN:103,(anonymous_6)
FNF:5
FNH:5
FNDA:11,(anonymous_2)
FNDA:11,(anonymous_3)
FNDA:10,(anonymous_4)
FNDA:2,(anonymous_5)
FNDA:1,(anonymous_6)
DA:1,1
DA:2,1
DA:3,1
DA:4,1
DA:16,1
DA:17,11
DA:21,11
DA:22,11
DA:25,11
DA:26,11
DA:30,11
DA:33,11
DA:41,11
DA:42,1
DA:45,10
DA:46,1
DA:52,9
DA:53,9
DA:54,9
DA:62,6
DA:63,6
DA:64,7
DA:67,6
DA:68,6
DA:70,6
DA:72,3
DA:75,3
DA:80,10
DA:81,10
DA:82,6
DA:84,4
DA:88,4
DA:93,2
DA:94,2
DA:95,1
DA:100,1
DA:104,1
DA:105,1
DA:106,1
DA:107,2
DA:109,1
LF:41
LH:41
BRDA:27,0,0,11
BRDA:27,0,1,2
BRDA:27,0,2,1
BRDA:31,1,0,11
BRDA:31,1,1,0
BRDA:34,2,0,11
BRDA:34,2,1,0
BRDA:41,3,0,1
BRDA:41,4,0,11
BRDA:41,4,1,2
BRDA:45,5,0,1
BRDA:63,6,0,6
BRDA:63,6,1,0
BRDA:94,7,0,1
BRF:14
BRH:11
end_of_record
TN:
SF:src\config\secrets\env-secrets.provider.ts
FN:14,(anonymous_2)
FN:18,(anonymous_3)
FN:23,(anonymous_4)
FN:34,(anonymous_5)
FNF:4
FNH:4
FNDA:8,(anonymous_2)
FNDA:8,(anonymous_3)
FNDA:2,(anonymous_4)
FNDA:3,(anonymous_5)
DA:1,1
DA:2,1
DA:3,1
DA:13,1
DA:14,8
DA:15,8
DA:19,8
DA:20,8
DA:24,2
DA:25,2
DA:26,1
DA:31,1
DA:35,3
DA:36,3
DA:37,4
DA:39,3
LF:16
LH:16
BRDA:20,0,0,8
BRDA:20,0,1,3
BRDA:25,1,0,1
BRF:3
BRH:3
end_of_record
TN:
SF:src\config\secrets\index.ts
FN:1,(anonymous_0)
FN:2,(anonymous_1)
FN:3,(anonymous_2)
FN:4,(anonymous_3)
FN:5,(anonymous_4)
FN:6,(anonymous_5)
FNF:6
FNH:0
FNDA:0,(anonymous_0)
FNDA:0,(anonymous_1)
FNDA:0,(anonymous_2)
FNDA:0,(anonymous_3)
FNDA:0,(anonymous_4)
FNDA:0,(anonymous_5)
DA:1,0
DA:2,0
DA:3,0
DA:4,0
DA:5,0
DA:6,0
LF:6
LH:0
BRF:0
BRH:0
end_of_record
TN:
SF:src\config\secrets\secrets-provider.ts
FNF:0
FNH:0
DA:17,1
LF:1
LH:1
BRF:0
BRH:0
end_of_record
TN:
SF:src\config\secrets\secrets.module.ts
FN:20,resolveProviderType
FN:42,(anonymous_2)
FN:94,(anonymous_3)
FNF:3
FNH:3
FNDA:8,resolveProviderType
FNDA:8,(anonymous_2)
FNDA:2,(anonymous_3)
DA:1,1
DA:2,1
DA:3,1
DA:4,1
DA:5,1
DA:6,1
DA:7,1
DA:21,8
DA:22,8
DA:23,7
DA:24,5
DA:25,3
DA:30,1
DA:31,1
DA:43,8
DA:45,8
DA:47,8
DA:54,8
DA:56,1
DA:60,1
DA:62,2
DA:66,2
DA:68,2
DA:72,2
DA:75,3
DA:79,3
DA:82,8
DA:95,2
LF:28
LH:28
BRDA:21,0,0,8
BRDA:21,0,1,2
BRDA:22,1,0,1
BRDA:23,2,0,2
BRDA:24,3,0,2
BRDA:54,4,0,1
BRDA:54,4,1,2
BRDA:54,4,2,2
BRDA:54,4,3,3
BRDA:54,4,4,3
BRF:10
BRH:10
end_of_record
TN:
SF:src\config\secrets\vault-secrets.provider.ts
FN:29,(anonymous_2)
FN:48,(anonymous_3)
FN:112,(anonymous_4)
FN:125,(anonymous_5)
FN:136,(anonymous_6)
FNF:5
FNH:5
FNDA:8,(anonymous_2)
FNDA:8,(anonymous_3)
FNDA:7,(anonymous_4)
FNDA:1,(anonymous_5)
FNDA:1,(anonymous_6)
DA:1,1
DA:2,1
DA:3,1
DA:4,1
DA:19,1
DA:20,8
DA:26,8
DA:27,8
DA:30,8
DA:31,8
DA:35,8
DA:36,8
DA:40,8
DA:41,8
DA:49,8
DA:50,1
DA:53,7
DA:54,1
DA:58,6
DA:59,0
DA:63,6
DA:64,0
DA:70,6
DA:73,6
DA:75,6
DA:76,6
DA:80,6
DA:81,0
DA:84,6
DA:88,4
DA:89,4
DA:90,0
DA:95,4
DA:96,4
DA:97,5
DA:100,4
DA:101,4
DA:103,4
DA:105,2
DA:108,2
DA:113,7
DA:114,7
DA:115,4
DA:117,3
DA:121,3
DA:126,1
DA:127,1
DA:128,0
DA:133,1
DA:137,1
DA:138,1
DA:139,1
DA:140,2
DA:142,1
LF:54
LH:49
BRDA:32,0,0,8
BRDA:32,0,1,2
BRDA:32,0,2,1
BRDA:35,1,0,8
BRDA:35,1,1,0
BRDA:37,2,0,8
BRDA:37,2,1,0
BRDA:37,2,2,0
BRDA:42,3,0,8
BRDA:42,3,1,0
BRDA:49,4,0,1
BRDA:49,5,0,8
BRDA:49,5,1,1
BRDA:53,6,0,1
BRDA:58,7,0,0
BRDA:63,8,0,0
BRDA:70,9,0,0
BRDA:70,9,1,6
BRDA:80,10,0,0
BRDA:89,11,0,0
BRDA:127,12,0,0
BRF:21
BRH:11
end_of_record
TN:
SF:src\contact\contact.controller.ts
FN:11,(anonymous_4)
FN:20,(anonymous_5)
FN:25,(anonymous_6)
FNF:3
FNH:0
FNDA:0,(anonymous_4)
FNDA:0,(anonymous_5)
FNDA:0,(anonymous_6)
DA:1,0
DA:2,0
DA:3,0
DA:4,0
DA:5,0
DA:10,0
DA:11,0
DA:20,0
DA:21,0
DA:22,0
DA:26,0
DA:27,0
DA:28,0
LF:13
LH:0
BRDA:27,0,0,0
BRDA:27,1,0,0
BRDA:27,1,1,0
BRDA:28,2,0,0
BRDA:28,2,1,0
BRF:5
BRH:0
end_of_record
TN:
SF:src\contact\contact.module.ts
FNF:0
FNH:0
DA:1,0
DA:2,0
DA:3,0
DA:4,0
DA:5,0
DA:12,0
LF:6
LH:0
BRF:0
BRH:0
end_of_record
TN:
SF:src\contact\contact.service.ts
FN:12,(anonymous_4)
FN:26,(anonymous_5)
FNF:2
FNH:0
FNDA:0,(anonymous_4)
FNDA:0,(anonymous_5)
DA:1,0
DA:2,0
DA:3,0
DA:4,0
DA:6,0
DA:9,0
DA:10,0
DA:14,0
DA:15,0
DA:30,0
DA:35,0
DA:36,0
DA:40,0
DA:45,0
DA:46,0
DA:49,0
DA:55,0
DA:56,0
DA:59,0
LF:19
LH:0
BRDA:32,0,0,0
BRDA:32,0,1,0
BRDA:45,1,0,0
BRDA:55,2,0,0
BRF:4
BRH:0
end_of_record
TN:
SF:src\contact\dto\submit-contact.dto.ts
FNF:0
FNH:0
DA:1,0
DA:9,0
DA:11,0
DA:16,0
DA:23,0
DA:29,0
DA:35,0
DA:41,0
DA:48,0
LF:9
LH:0
BRF:0
BRH:0
end_of_record
TN:
SF:src\contact\entities\contact-message.entity.ts
FNF:0
FNH:0
DA:1,0
DA:10,0
DA:12,0
DA:15,0
DA:18,0
DA:21,0
DA:24,0
DA:27,0
DA:30,0
DA:33,0
DA:36,0
DA:39,0
DA:42,0
LF:13
LH:0
BRF:0
BRH:0
end_of_record
TN:
SF:src\dashboard\dashboard.controller.ts
FN:23,(anonymous_4)
FN:31,(anonymous_5)
FN:38,(anonymous_6)
FN:47,(anonymous_7)
FN:56,(anonymous_8)
FN:73,(anonymous_9)
FN:84,(anonymous_10)
FN:92,(anonymous_11)
FN:108,(anonymous_12)
FN:124,(anonymous_13)
FN:140,(anonymous_14)
FNF:11
FNH:0
FNDA:0,(anonymous_4)
FNDA:0,(anonymous_5)
FNDA:0,(anonymous_6)
FNDA:0,(anonymous_7)
FNDA:0,(anonymous_8)
FNDA:0,(anonymous_9)
FNDA:0,(anonymous_10)
FNDA:0,(anonymous_11)
FNDA:0,(anonymous_12)
FNDA:0,(anonymous_13)
FNDA:0,(anonymous_14)
DA:1,0
DA:9,0
DA:10,0
DA:11,0
DA:12,0
DA:13,0
DA:14,0
DA:15,0
DA:16,0
DA:17,0
DA:22,0
DA:23,0
DA:31,0
DA:32,0
DA:33,0
DA:38,0
DA:39,0
DA:40,0
DA:47,0
DA:48,0
DA:49,0
DA:56,0
DA:61,0
DA:66,0
DA:73,0
DA:77,0
DA:78,0
DA:84,0
DA:85,0
DA:86,0
DA:92,0
DA:97,0
DA:102,0
DA:108,0
DA:113,0
DA:118,0
DA:124,0
DA:129,0
DA:134,0
DA:140,0
DA:144,0
DA:148,0
LF:42
LH:0
BRDA:57,0,0,0
BRDA:58,1,0,0
BRDA:62,2,0,0
BRDA:62,2,1,0
BRDA:63,3,0,0
BRDA:63,3,1,0
BRDA:94,4,0,0
BRDA:95,5,0,0
BRDA:99,6,0,0
BRDA:99,6,1,0
BRDA:100,7,0,0
BRDA:100,7,1,0
BRDA:110,8,0,0
BRDA:111,9,0,0
BRDA:115,10,0,0
BRDA:115,10,1,0
BRDA:116,11,0,0
BRDA:116,11,1,0
BRDA:126,12,0,0
BRDA:127,13,0,0
BRDA:131,14,0,0
BRDA:131,14,1,0
BRDA:132,15,0,0
BRDA:132,15,1,0
BRDA:142,16,0,0
BRDA:146,17,0,0
BRDA:146,17,1,0
BRF:27
BRH:0
end_of_record
TN:
SF:src\dashboard\dashboard.module.ts
FNF:0
FNH:0
DA:1,0
DA:2,0
DA:3,0
DA:4,0
DA:5,0
DA:6,0
DA:7,0
DA:8,0
DA:9,0
DA:10,0
DA:11,0
DA:12,0
DA:13,0
DA:34,0
LF:14
LH:0
BRF:0
BRH:0
end_of_record
TN:
SF:src\dashboard\dashboard.service.ts
FN:11,(anonymous_4)
FN:23,(anonymous_5)
FN:47,(anonymous_6)
FN:61,(anonymous_7)
FN:74,(anonymous_8)
FN:133,(anonymous_9)
FN:173,(anonymous_10)
FN:177,(anonymous_11)
FN:181,(anonymous_12)
FN:185,(anonymous_13)
FN:189,(anonymous_14)
FN:193,(anonymous_15)
FN:197,(anonymous_16)
FNF:13
FNH:0
FNDA:0,(anonymous_4)
FNDA:0,(anonymous_5)
FNDA:0,(anonymous_6)
FNDA:0,(anonymous_7)
FNDA:0,(anonymous_8)
FNDA:0,(anonymous_9)
FNDA:0,(anonymous_10)
FNDA:0,(anonymous_11)
FNDA:0,(anonymous_12)
FNDA:0,(anonymous_13)
FNDA:0,(anonymous_14)
FNDA:0,(anonymous_15)
FNDA:0,(anonymous_16)
DA:1,0
DA:2,0
DA:3,0
DA:4,0
DA:5,0
DA:6,0
DA:7,0
DA:10,0
DA:13,0
DA:15,0
DA:16,0
DA:17,0
DA:24,0
DA:28,0
DA:32,0
DA:48,0
DA:61,0
DA:75,0
DA:76,0
DA:87,0
DA:107,0
DA:109,0
DA:134,0
DA:153,0
DA:154,0
DA:160,0
DA:162,0
DA:174,0
DA:178,0
DA:182,0
DA:186,0
DA:190,0
DA:194,0
DA:198,0
DA:199,0
DA:201,0
DA:202,0
DA:203,0
DA:212,0
DA:220,0
DA:221,0
DA:224,0
LF:42
LH:0
BRDA:63,0,0,0
BRDA:63,0,1,0
BRDA:64,1,0,0
BRDA:64,1,1,0
BRDA:122,2,0,0
BRDA:122,2,1,0
BRDA:153,3,0,0
BRF:7
BRH:0
end_of_record
TN:
SF:src\dashboard\dto\analytics-query.dto.ts
FNF:0
FNH:0
DA:1,0
DA:3,0
DA:6,0
DA:10,0
LF:4
LH:0
BRF:0
BRH:0
end_of_record
TN:
SF:src\dashboard\providers\admin-analytics.provider.ts
FN:14,(anonymous_4)
FN:28,(anonymous_5)
FN:82,(anonymous_6)
FN:93,(anonymous_7)
FN:116,(anonymous_8)
FN:119,(anonymous_9)
FN:129,(anonymous_10)
FN:148,(anonymous_11)
FN:166,(anonymous_12)
FN:196,(anonymous_13)
FN:221,(anonymous_14)
FN:225,(anonymous_15)
FNF:12
FNH:0
FNDA:0,(anonymous_4)
FNDA:0,(anonymous_5)
FNDA:0,(anonymous_6)
FNDA:0,(anonymous_7)
FNDA:0,(anonymous_8)
FNDA:0,(anonymous_9)
FNDA:0,(anonymous_10)
FNDA:0,(anonymous_11)
FNDA:0,(anonymous_12)
FNDA:0,(anonymous_13)
FNDA:0,(anonymous_14)
FNDA:0,(anonymous_15)
DA:1,0
DA:2,0
DA:3,0
DA:4,0
DA:5,0
DA:6,0
DA:7,0
DA:8,0
DA:9,0
DA:10,0
DA:13,0
DA:16,0
DA:18,0
DA:20,0
DA:22,0
DA:24,0
DA:25,0
DA:29,0
DA:30,0
DA:31,0
DA:32,0
DA:41,0
DA:45,0
DA:46,0
DA:48,0
DA:52,0
DA:59,0
DA:68,0
DA:78,0
DA:82,0
DA:94,0
DA:95,0
DA:96,0
DA:98,0
DA:104,0
DA:114,0
DA:116,0
DA:119,0
DA:130,0
DA:149,0
DA:167,0
DA:168,0
DA:169,0
DA:171,0
DA:187,0
DA:197,0
DA:210,0
DA:211,0
DA:222,0
DA:227,0
DA:236,0
LF:51
LH:0
BRDA:45,0,0,0
BRDA:46,1,0,0
BRDA:79,2,0,0
BRDA:79,2,1,0
BRDA:80,3,0,0
BRDA:80,3,1,0
BRDA:81,4,0,0
BRDA:81,4,1,0
BRDA:95,5,0,0
BRDA:96,6,0,0
BRDA:129,7,0,0
BRDA:148,8,0,0
BRDA:168,9,0,0
BRDA:169,10,0,0
BRDA:189,11,0,0
BRDA:189,11,1,0
BRDA:190,12,0,0
BRDA:190,12,1,0
BRDA:210,13,0,0
BRDA:210,13,1,0
BRDA:216,14,0,0
BRDA:216,14,1,0
BRF:22
BRH:0
end_of_record
TN:
SF:src\dashboard\providers\member-dashboard.provider.ts
FN:13,(anonymous_4)
FN:24,(anonymous_5)
FN:56,(anonymous_6)
FN:69,(anonymous_7)
FN:82,(anonymous_8)
FN:95,(anonymous_9)
FN:103,(anonymous_10)
FNF:7
FNH:0
FNDA:0,(anonymous_4)
FNDA:0,(anonymous_5)
FNDA:0,(anonymous_6)
FNDA:0,(anonymous_7)
FNDA:0,(anonymous_8)
FNDA:0,(anonymous_9)
FNDA:0,(anonymous_10)
DA:1,0
DA:2,0
DA:3,0
DA:4,0
DA:5,0
DA:6,0
DA:7,0
DA:8,0
DA:9,0
DA:12,0
DA:15,0
DA:17,0
DA:19,0
DA:21,0
DA:26,0
DA:47,0
DA:57,0
DA:63,0
DA:70,0
DA:76,0
DA:83,0
DA:89,0
DA:96,0
DA:104,0
DA:109,0
LF:25
LH:0
BRDA:49,0,0,0
BRDA:49,0,1,0
BRDA:50,1,0,0
BRDA:50,1,1,0
BRDA:52,2,0,0
BRDA:52,2,1,0
BRF:6
BRH:0
end_of_record
TN:
SF:src\email\email-queue.constants.ts
FNF:0
FNH:0
DA:10,7
DA:11,7
DA:33,7
DA:34,7
DA:37,7
LF:5
LH:5
BRF:0
BRH:0
end_of_record
TN:
SF:src\email\email.module.ts
FNF:0
FNH:0
DA:1,0
DA:2,0
DA:3,0
DA:4,0
DA:5,0
DA:6,0
DA:29,0
LF:7
LH:0
BRF:0
BRH:0
end_of_record
TN:
SF:src\email\email.processor.ts
FN:26,(anonymous_4)
FN:34,(anonymous_5)
FN:39,(anonymous_6)
FNF:3
FNH:3
FNDA:4,(anonymous_4)
FNDA:1,(anonymous_5)
FNDA:3,(anonymous_6)
DA:1,1
DA:2,1
DA:4,1
DA:5,1
DA:6,1
DA:23,1
DA:24,4
DA:27,4
DA:29,4
DA:30,4
DA:34,1
DA:35,1
DA:39,1
DA:40,3
DA:41,3
DA:43,3
DA:44,1
DA:48,1
DA:51,2
DA:61,2
DA:62,2
LF:21
LH:21
BRDA:40,0,0,3
BRDA:40,0,1,1
BRDA:43,1,0,1
BRF:3
BRH:3
end_of_record
TN:
SF:src\email\email.service.ts
FN:50,(anonymous_4)
FN:63,(anonymous_5)
FN:88,(anonymous_6)
FN:100,(anonymous_7)
FN:110,(anonymous_8)
FN:122,(anonymous_9)
FN:128,(anonymous_10)
FN:137,(anonymous_11)
FN:146,(anonymous_12)
FN:168,(anonymous_13)
FN:182,(anonymous_14)
FN:195,(anonymous_15)
FN:208,(anonymous_16)
FN:223,(anonymous_17)
FN:236,(anonymous_18)
FN:248,(anonymous_19)
FN:258,(anonymous_20)
FN:271,(anonymous_21)
FN:293,(anonymous_22)
FN:314,(anonymous_23)
FN:333,(anonymous_24)
FN:349,(anonymous_25)
FN:368,(anonymous_26)
FN:393,(anonymous_27)
FNF:24
FNH:14
FNDA:9,(anonymous_4)
FNDA:9,(anonymous_5)
FNDA:145,(anonymous_6)
FNDA:9,(anonymous_7)
FNDA:7,(anonymous_8)
FNDA:1,(anonymous_9)
FNDA:1,(anonymous_10)
FNDA:1,(anonymous_11)
FNDA:4,(anonymous_12)
FNDA:2,(anonymous_13)
FNDA:1,(anonymous_14)
FNDA:1,(anonymous_15)
FNDA:0,(anonymous_16)
FNDA:0,(anonymous_17)
FNDA:0,(anonymous_18)
FNDA:0,(anonymous_19)
FNDA:0,(anonymous_20)
FNDA:0,(anonymous_21)
FNDA:1,(anonymous_22)
FNDA:0,(anonymous_23)
FNDA:0,(anonymous_24)
FNDA:0,(anonymous_25)
FNDA:1,(anonymous_26)
FNDA:0,(anonymous_27)
DA:1,7
DA:7,7
DA:9,7
DA:10,7
DA:11,7
DA:12,7
DA:13,7
DA:14,7
DA:15,7
DA:42,7
DA:43,9
DA:45,9
DA:51,9
DA:53,9
DA:54,9
DA:64,9
DA:74,9
DA:75,9
DA:76,153
DA:77,153
DA:78,153
DA:87,9
DA:88,145
DA:90,9
DA:91,1
DA:95,8
DA:101,9
DA:111,7
DA:112,7
DA:113,1
DA:115,6
DA:123,1
DA:128,1
DA:134,1
DA:142,1
DA:150,4
DA:151,4
DA:158,2
DA:159,2
DA:163,2
DA:164,2
DA:172,2
DA:173,2
DA:175,1
DA:178,1
DA:187,1
DA:188,1
DA:200,1
DA:201,1
DA:213,0
DA:214,0
DA:215,0
DA:216,0
DA:228,0
DA:229,0
DA:240,0
DA:241,0
DA:254,0
DA:255,0
DA:263,0
DA:264,0
DA:278,0
DA:280,0
DA:286,0
DA:306,1
DA:307,1
DA:325,0
DA:326,0
DA:341,0
DA:342,0
DA:360,0
DA:361,0
DA:378,1
DA:379,1
DA:397,0
DA:401,0
LF:76
LH:53
BRDA:76,0,0,153
BRDA:90,1,0,1
BRDA:112,2,0,1
BRDA:213,3,0,0
BRDA:213,3,1,0
BRDA:278,4,0,0
BRDA:278,4,1,0
BRF:7
BRH:3
end_of_record
TN:
SF:src\hub\hub.module.ts
FNF:0
FNH:0
DA:1,0
DA:2,0
DA:3,0
DA:4,0
DA:18,0
LF:5
LH:0
BRF:0
BRH:0
end_of_record
TN:
SF:src\hub\tenant.context.ts
FN:20,(anonymous_0)
FN:27,(anonymous_1)
FN:32,(anonymous_2)
FNF:3
FNH:0
FNDA:0,(anonymous_0)
FNDA:0,(anonymous_1)
FNDA:0,(anonymous_2)
DA:1,0
DA:21,0
DA:28,0
DA:33,0
DA:37,0
LF:5
LH:0
BRF:0
BRH:0
end_of_record
TN:
SF:src\hub\tenant.interceptor.ts
FN:28,(anonymous_1)
FN:31,(anonymous_2)
FN:66,(anonymous_3)
FN:67,(anonymous_4)
FN:69,(anonymous_5)
FN:70,(anonymous_6)
FN:71,(anonymous_7)
FNF:7
FNH:0
FNDA:0,(anonymous_1)
FNDA:0,(anonymous_2)
FNDA:0,(anonymous_3)
FNDA:0,(anonymous_4)
FNDA:0,(anonymous_5)
FNDA:0,(anonymous_6)
FNDA:0,(anonymous_7)
DA:1,0
DA:9,0
DA:10,0
DA:28,0
DA:29,0
DA:32,0
DA:33,0
DA:34,0
DA:35,0
DA:36,0
DA:40,0
DA:41,0
DA:44,0
DA:45,0
DA:51,0
DA:52,0
DA:54,0
DA:56,0
DA:60,0
DA:62,0
DA:66,0
DA:67,0
DA:68,0
DA:69,0
DA:70,0
DA:71,0
LF:26
LH:0
BRDA:40,0,0,0
BRDA:40,0,1,0
BRDA:44,1,0,0
BRDA:44,2,0,0
BRDA:44,2,1,0
BRDA:44,2,2,0
BRDA:51,3,0,0
BRDA:51,4,0,0
BRDA:51,4,1,0
BRDA:54,5,0,0
BRDA:63,6,0,0
BRDA:63,6,1,0
BRDA:63,7,0,0
BRDA:63,7,1,0
BRDA:67,8,0,0
BRDA:67,8,1,0
BRF:16
BRH:0
end_of_record
TN:
SF:src\hub\entities\hub.entity.ts
FNF:0
FNH:0
DA:1,12
DA:21,12
DA:23,12
DA:26,12
DA:30,12
DA:33,12
DA:36,12
DA:39,12
DA:42,12
LF:9
LH:9
BRF:0
BRH:0
end_of_record
TN:
SF:src\invoices\invoices.controller.ts
FN:30,(anonymous_4)
FN:38,(anonymous_5)
FN:49,(anonymous_6)
FN:61,(anonymous_7)
FNF:4
FNH:0
FNDA:0,(anonymous_4)
FNDA:0,(anonymous_5)
FNDA:0,(anonymous_6)
FNDA:0,(anonymous_7)
DA:1,0
DA:11,0
DA:17,0
DA:18,0
DA:19,0
DA:20,0
DA:21,0
DA:22,0
DA:29,0
DA:30,0
DA:38,0
DA:43,0
DA:44,0
DA:49,0
DA:54,0
DA:55,0
DA:61,0
DA:67,0
DA:72,0
DA:77,0
LF:20
LH:0
BRF:0
BRH:0
end_of_record
TN:
SF:src\invoices\invoices.module.ts
FNF:0
FNH:0
DA:1,0
DA:2,0
DA:3,0
DA:4,0
DA:5,0
DA:6,0
DA:7,0
DA:8,0
DA:9,0
DA:10,0
DA:11,0
DA:12,0
DA:13,0
DA:29,0
LF:14
LH:0
BRF:0
BRH:0
end_of_record
TN:
SF:src\invoices\invoices.service.ts
FN:10,(anonymous_2)
FN:20,(anonymous_3)
FN:30,(anonymous_4)
FN:40,(anonymous_5)
FN:51,(anonymous_6)
FNF:5
FNH:0
FNDA:0,(anonymous_2)
FNDA:0,(anonymous_3)
FNDA:0,(anonymous_4)
FNDA:0,(anonymous_5)
FNDA:0,(anonymous_6)
DA:1,1
DA:2,1
DA:3,1
DA:4,1
DA:9,1
DA:11,0
DA:12,0
DA:13,0
DA:21,0
DA:31,0
DA:41,0
DA:56,0
DA:61,0
DA:62,0
LF:14
LH:5
BRF:0
BRH:0
end_of_record
TN:
SF:src\invoices\dto\invoice-query.dto.ts
FN:6,(anonymous_2)
FN:9,(anonymous_3)
FN:15,(anonymous_4)
FNF:3
FNH:0
FNDA:0,(anonymous_2)
FNDA:0,(anonymous_3)
FNDA:0,(anonymous_4)
DA:1,0
DA:2,0
DA:3,0
DA:4,0
DA:6,0
DA:9,0
DA:11,0
DA:15,0
DA:18,0
DA:23,0
DA:28,0
LF:11
LH:0
BRF:0
BRH:0
end_of_record
TN:
SF:src\invoices\entities\invoice.entity.ts
FN:33,(anonymous_2)
FN:40,(anonymous_3)
FN:47,(anonymous_4)
FN:82,(anonymous_5)
FNF:4
FNH:0
FNDA:0,(anonymous_2)
FNDA:0,(anonymous_3)
FNDA:0,(anonymous_4)
FNDA:0,(anonymous_5)
DA:1,1
DA:11,1
DA:12,1
DA:13,1
DA:14,1
DA:15,1
DA:22,1
DA:24,1
DA:28,1
DA:31,1
DA:33,0
DA:35,1
DA:38,1
DA:40,0
DA:42,1
DA:45,1
DA:47,0
DA:49,1
DA:53,1
DA:56,1
DA:63,1
DA:66,1
DA:70,1
DA:73,1
DA:76,1
DA:80,1
DA:82,0
DA:84,1
LF:28
LH:24
BRF:0
BRH:0
end_of_record
TN:
SF:src\invoices\enums\invoice-status.enum.ts
FN:1,(anonymous_0)
FNF:1
FNH:1
FNDA:1,(anonymous_0)
DA:1,1
DA:2,1
DA:3,1
DA:4,1
LF:4
LH:4
BRDA:1,0,0,1
BRDA:1,0,1,1
BRF:2
BRH:2
end_of_record
TN:
SF:src\invoices\providers\find-invoices.provider.ts
FN:10,(anonymous_4)
FN:15,(anonymous_5)
FN:51,(anonymous_6)
FNF:3
FNH:0
FNDA:0,(anonymous_4)
FNDA:0,(anonymous_5)
FNDA:0,(anonymous_6)
DA:1,1
DA:2,1
DA:3,1
DA:4,1
DA:6,1
DA:9,1
DA:12,0
DA:20,0
DA:21,0
DA:22,0
DA:25,0
DA:29,0
DA:31,0
DA:32,0
DA:35,0
DA:36,0
DA:39,0
DA:40,0
DA:45,0
DA:47,0
DA:48,0
DA:57,0
DA:61,0
DA:65,0
DA:66,0
DA:69,0
DA:70,0
DA:71,0
DA:73,0
LF:29
LH:6
BRDA:20,0,0,0
BRDA:20,0,1,0
BRDA:21,1,0,0
BRDA:21,1,1,0
BRDA:25,2,0,0
BRDA:25,2,1,0
BRDA:25,2,2,0
BRDA:31,3,0,0
BRDA:35,4,0,0
BRDA:39,5,0,0
BRDA:57,6,0,0
BRDA:57,6,1,0
BRDA:57,6,2,0
BRDA:65,7,0,0
BRDA:70,8,0,0
BRF:15
BRH:0
end_of_record
TN:
SF:src\invoices\providers\generate-invoice.provider.ts
FN:17,(anonymous_4)
FN:33,(anonymous_5)
FN:126,(anonymous_6)
FNF:3
FNH:0
FNDA:0,(anonymous_4)
FNDA:0,(anonymous_5)
FNDA:0,(anonymous_6)
DA:1,1
DA:2,1
DA:3,1
DA:4,1
DA:5,1
DA:6,1
DA:7,1
DA:8,1
DA:9,1
DA:10,1
DA:11,1
DA:14,1
DA:15,0
DA:19,0
DA:21,0
DA:23,0
DA:25,0
DA:27,0
DA:28,0
DA:29,0
DA:30,0
DA:35,0
DA:38,0
DA:39,0
DA:42,0
DA:45,0
DA:46,0
DA:49,0
DA:54,0
DA:60,0
DA:62,0
DA:75,0
DA:87,0
DA:88,0
DA:93,0
DA:94,0
DA:95,0
DA:96,0
DA:106,0
DA:107,0
DA:112,0
DA:119,0
DA:127,0
DA:130,0
DA:131,0
LF:45
LH:12
BRDA:38,0,0,0
BRDA:45,1,0,0
BRDA:54,2,0,0
BRDA:54,2,1,0
BRDA:64,3,0,0
BRDA:64,3,1,0
BRDA:66,4,0,0
BRDA:66,4,1,0
BRDA:69,5,0,0
BRDA:69,5,1,0
BRDA:93,6,0,0
BRDA:102,7,0,0
BRDA:102,7,1,0
BRDA:106,8,0,0
BRDA:114,9,0,0
BRDA:114,9,1,0
BRF:16
BRH:0
end_of_record
TN:
SF:src\invoices\providers\invoice-sequence.provider.ts
FN:12,(anonymous_2)
FN:14,(anonymous_3)
FNF:2
FNH:0
FNDA:0,(anonymous_2)
FNDA:0,(anonymous_3)
DA:1,0
DA:2,0
DA:9,0
DA:10,0
DA:12,0
DA:15,0
DA:16,0
DA:19,0
DA:21,0
LF:9
LH:0
BRF:0
BRH:0
end_of_record
TN:
SF:src\invoices\providers\pdf-invoice.provider.ts
FN:12,(anonymous_1)
FN:13,(anonymous_2)
FN:17,(anonymous_3)
FN:18,(anonymous_4)
FN:26,(anonymous_5)
FNF:5
FNH:0
FNDA:0,(anonymous_1)
FNDA:0,(anonymous_2)
FNDA:0,(anonymous_3)
FNDA:0,(anonymous_4)
FNDA:0,(anonymous_5)
DA:1,1
DA:5,1
DA:8,1
DA:13,0
DA:14,0
DA:15,0
DA:17,0
DA:18,0
DA:19,0
DA:21,0
DA:22,0
DA:27,0
DA:30,0
DA:40,0
DA:55,0
DA:58,0
DA:68,0
DA:71,0
DA:72,0
DA:74,0
DA:75,0
DA:76,0
DA:77,0
DA:81,0
DA:83,0
DA:84,0
DA:85,0
DA:88,0
DA:89,0
DA:90,0
DA:94,0
DA:95,0
DA:104,0
DA:109,0
DA:111,0
DA:121,0
LF:36
LH:3
BRDA:48,0,0,0
BRDA:48,0,1,0
BRDA:71,1,0,0
BRDA:71,1,1,0
BRDA:74,2,0,0
BRDA:74,2,1,0
BRDA:84,3,0,0
BRDA:84,3,1,0
BRDA:85,4,0,0
BRDA:85,4,1,0
BRDA:94,5,0,0
BRDA:94,6,0,0
BRDA:94,6,1,0
BRF:13
BRH:0
end_of_record
TN:
SF:src\metrics\metrics-auth.guard.ts
FN:38,(anonymous_2)
FN:43,(anonymous_3)
FN:83,(anonymous_4)
FN:92,extractBearerToken
FN:104,safeEqual
FNF:5
FNH:5
FNDA:7,(anonymous_2)
FNDA:15,(anonymous_3)
FNDA:15,(anonymous_4)
FNDA:15,extractBearerToken
FNDA:10,safeEqual
DA:1,2
DA:8,2
DA:9,2
DA:10,2
DA:13,2
DA:15,2
DA:37,2
DA:39,7
DA:40,7
DA:44,15
DA:45,15
DA:46,15
DA:48,15
DA:49,3
DA:52,12
DA:53,3
DA:56,9
DA:57,9
DA:58,2
DA:62,7
DA:63,7
DA:69,1
DA:72,6
DA:73,3
DA:76,3
DA:84,15
DA:85,15
DA:86,11
DA:88,4
DA:93,15
DA:94,15
DA:95,3
DA:97,12
DA:98,12
DA:99,0
DA:101,12
DA:105,10
DA:106,10
DA:107,10
DA:108,7
DA:110,3
LF:41
LH:40
BRDA:48,0,0,3
BRDA:48,1,0,15
BRDA:48,1,1,12
BRDA:48,1,2,10
BRDA:52,2,0,3
BRDA:57,3,0,2
BRDA:65,4,0,7
BRDA:65,4,1,7
BRDA:66,5,0,7
BRDA:66,5,1,7
BRDA:72,6,0,3
BRDA:72,7,0,6
BRDA:72,7,1,0
BRDA:85,8,0,11
BRDA:88,9,0,4
BRDA:88,9,1,3
BRDA:94,10,0,3
BRDA:94,11,0,15
BRDA:94,11,1,12
BRDA:98,12,0,0
BRDA:98,13,0,12
BRDA:98,13,1,12
BRDA:107,14,0,7
BRF:23
BRH:21
end_of_record
TN:
SF:src\metrics\metrics.controller.ts
FN:37,(anonymous_4)
FN:46,(anonymous_5)
FNF:2
FNH:2
FNDA:2,(anonymous_4)
FNDA:2,(anonymous_5)
DA:1,1
DA:3,1
DA:4,1
DA:5,1
DA:6,1
DA:7,1
DA:36,1
DA:37,2
DA:46,1
DA:47,2
DA:48,2
DA:50,2
DA:51,2
LF:13
LH:13
BRF:0
BRH:0
end_of_record
TN:
SF:src\metrics\metrics.module.ts
FNF:0
FNH:0
DA:1,0
DA:2,0
DA:3,0
DA:4,0
DA:5,0
DA:24,0
LF:6
LH:0
BRF:0
BRH:0
end_of_record
TN:
SF:src\metrics\metrics.service.ts
FN:54,(anonymous_2)
FN:146,(anonymous_3)
FN:157,(anonymous_4)
FN:168,(anonymous_5)
FN:173,(anonymous_6)
FN:184,(anonymous_7)
FN:189,(anonymous_8)
FN:194,(anonymous_9)
FN:199,(anonymous_10)
FN:204,(anonymous_11)
FN:209,(anonymous_12)
FN:214,(anonymous_13)
FNF:12
FNH:4
FNDA:2,(anonymous_2)
FNDA:2,(anonymous_3)
FNDA:0,(anonymous_4)
FNDA:0,(anonymous_5)
FNDA:2,(anonymous_6)
FNDA:0,(anonymous_7)
FNDA:0,(anonymous_8)
FNDA:0,(anonymous_9)
FNDA:0,(anonymous_10)
FNDA:0,(anonymous_11)
FNDA:0,(anonymous_12)
FNDA:2,(anonymous_13)
DA:1,8
DA:2,8
DA:15,8
DA:55,2
DA:57,2
DA:62,2
DA:69,2
DA:76,2
DA:82,2
DA:89,2
DA:96,2
DA:103,2
DA:110,2
DA:117,2
DA:124,2
DA:131,2
DA:138,2
DA:158,0
DA:169,0
DA:174,2
DA:185,0
DA:190,0
DA:195,0
DA:200,0
DA:205,0
DA:210,0
DA:215,2
LF:27
LH:19
BRDA:157,0,0,0
BRF:1
BRH:0
end_of_record
TN:
SF:src\newsletter\newsletter.controller.ts
FN:27,(anonymous_4)
FN:36,(anonymous_5)
FN:50,(anonymous_6)
FN:57,(anonymous_7)
FN:64,(anonymous_8)
FN:68,(anonymous_9)
FNF:6
FNH:0
FNDA:0,(anonymous_4)
FNDA:0,(anonymous_5)
FNDA:0,(anonymous_6)
FNDA:0,(anonymous_7)
FNDA:0,(anonymous_8)
FNDA:0,(anonymous_9)
DA:1,0
DA:10,0
DA:11,0
DA:12,0
DA:17,0
DA:18,0
DA:19,0
DA:20,0
DA:21,0
DA:26,0
DA:27,0
DA:36,0
DA:37,0
DA:38,0
DA:40,0
DA:50,0
DA:51,0
DA:57,0
DA:58,0
DA:64,0
DA:65,0
DA:69,0
DA:70,0
DA:71,0
LF:24
LH:0
BRDA:70,0,0,0
BRDA:70,1,0,0
BRDA:70,1,1,0
BRDA:71,2,0,0
BRDA:71,2,1,0
BRF:5
BRH:0
end_of_record
TN:
SF:src\newsletter\newsletter.module.ts
FNF:0
FNH:0
DA:1,0
DA:2,0
DA:3,0
DA:4,0
DA:5,0
DA:6,0
DA:7,0
DA:18,0
LF:8
LH:0
BRF:0
BRH:0
end_of_record
TN:
SF:src\newsletter\newsletter.service.ts
FN:8,(anonymous_2)
FN:19,(anonymous_3)
FN:27,(anonymous_4)
FN:35,(anonymous_5)
FN:43,(anonymous_6)
FNF:5
FNH:0
FNDA:0,(anonymous_2)
FNDA:0,(anonymous_3)
FNDA:0,(anonymous_4)
FNDA:0,(anonymous_5)
FNDA:0,(anonymous_6)
DA:1,0
DA:2,0
DA:4,0
DA:7,0
DA:9,0
DA:10,0
DA:20,0
DA:28,0
DA:36,0
DA:44,0
LF:10
LH:0
BRF:0
BRH:0
end_of_record
TN:
SF:src\newsletter\dto\admin-fetch.dto.ts
FN:13,(anonymous_0)
FNF:1
FNH:0
FNDA:0,(anonymous_0)
DA:3,0
DA:14,0
LF:2
LH:0
BRDA:20,0,0,0
BRDA:20,0,1,0
BRF:2
BRH:0
end_of_record
TN:
SF:src\newsletter\dto\subscription.dto.ts
FNF:0
FNH:0
DA:1,0
DA:2,0
DA:4,0
DA:10,0
DA:13,0
DA:18,0
DA:21,0
DA:26,0
LF:8
LH:0
BRF:0
BRH:0
end_of_record
TN:
SF:src\newsletter\entities\newsletter.entity.ts
FNF:0
FNH:0
DA:1,0
DA:17,0
DA:19,0
DA:22,0
DA:25,0
DA:28,0
DA:31,0
DA:34,0
DA:37,0
DA:40,0
DA:43,0
DA:46,0
DA:49,0
DA:52,0
DA:55,0
DA:58,0
DA:61,0
LF:17
LH:0
BRF:0
BRH:0
end_of_record
TN:
SF:src\newsletter\providers\list-subscribers.provider.ts
FN:13,(anonymous_4)
FN:18,(anonymous_5)
FNF:2
FNH:0
FNDA:0,(anonymous_4)
FNDA:0,(anonymous_5)
DA:1,0
DA:2,0
DA:3,0
DA:4,0
DA:7,0
DA:12,0
DA:15,0
DA:21,0
DA:22,0
DA:24,0
DA:28,0
DA:31,0
DA:32,0
DA:38,0
DA:41,0
DA:42,0
DA:43,0
DA:44,0
DA:45,0
DA:46,0
DA:47,0
DA:48,0
DA:51,0
DA:53,0
DA:58,0
DA:60,0
LF:26
LH:0
BRDA:21,0,0,0
BRDA:21,0,1,0
BRDA:22,1,0,0
BRDA:22,1,1,0
BRDA:31,2,0,0
BRDA:38,3,0,0
BRDA:38,3,1,0
BRDA:41,4,0,0
BRDA:41,4,1,0
BRDA:43,5,0,0
BRDA:43,5,1,0
BRDA:45,6,0,0
BRDA:45,6,1,0
BRDA:47,7,0,0
BRF:14
BRH:0
end_of_record
TN:
SF:src\newsletter\providers\subscription.provider.ts
FN:15,(anonymous_4)
FN:21,(anonymous_5)
FN:100,(anonymous_6)
FN:104,(anonymous_7)
FN:114,(anonymous_8)
FN:123,(anonymous_9)
FN:168,(anonymous_10)
FN:227,(anonymous_11)
FN:233,(anonymous_12)
FNF:9
FNH:0
FNDA:0,(anonymous_4)
FNDA:0,(anonymous_5)
FNDA:0,(anonymous_6)
FNDA:0,(anonymous_7)
FNDA:0,(anonymous_8)
FNDA:0,(anonymous_9)
FNDA:0,(anonymous_10)
FNDA:0,(anonymous_11)
FNDA:0,(anonymous_12)
DA:1,0
DA:7,0
DA:8,0
DA:9,0
DA:10,0
DA:11,0
DA:14,0
DA:17,0
DA:18,0
DA:22,0
DA:23,0
DA:25,0
DA:26,0
DA:31,0
DA:37,0
DA:43,0
DA:46,0
DA:47,0
DA:48,0
DA:51,0
DA:53,0
DA:54,0
DA:55,0
DA:58,0
DA:59,0
DA:60,0
DA:62,0
DA:63,0
DA:66,0
DA:67,0
DA:71,0
DA:72,0
DA:74,0
DA:77,0
DA:91,0
DA:93,0
DA:94,0
DA:96,0
DA:101,0
DA:105,0
DA:106,0
DA:111,0
DA:115,0
DA:124,0
DA:127,0
DA:133,0
DA:134,0
DA:138,0
DA:139,0
DA:145,0
DA:148,0
DA:150,0
DA:151,0
DA:162,0
DA:169,0
DA:170,0
DA:172,0
DA:177,0
DA:178,0
DA:181,0
DA:185,0
DA:189,0
DA:190,0
DA:194,0
DA:195,0
DA:198,0
DA:199,0
DA:200,0
DA:201,0
DA:202,0
DA:204,0
DA:206,0
DA:207,0
DA:210,0
DA:224,0
DA:228,0
DA:229,0
DA:230,0
DA:234,0
DA:236,0
DA:237,0
LF:81
LH:0
BRDA:25,0,0,0
BRDA:37,1,0,0
BRDA:38,2,0,0
BRDA:38,2,1,0
BRDA:38,2,2,0
BRDA:38,2,3,0
BRDA:51,3,0,0
BRDA:51,3,1,0
BRDA:55,4,0,0
BRDA:55,4,1,0
BRDA:82,5,0,0
BRDA:82,5,1,0
BRDA:93,6,0,0
BRDA:105,7,0,0
BRDA:105,7,1,0
BRDA:133,8,0,0
BRDA:138,9,0,0
BRDA:138,10,0,0
BRDA:138,10,1,0
BRDA:156,11,0,0
BRDA:156,11,1,0
BRDA:177,12,0,0
BRDA:181,13,0,0
BRDA:182,14,0,0
BRDA:182,14,1,0
BRDA:189,15,0,0
BRDA:194,16,0,0
BRDA:194,17,0,0
BRDA:194,17,1,0
BRDA:215,18,0,0
BRDA:215,18,1,0
BRDA:228,19,0,0
BRDA:228,19,1,0
BRDA:229,20,0,0
BRDA:229,20,1,0
BRDA:234,21,0,0
BRDA:234,21,1,0
BRDA:237,22,0,0
BRDA:237,22,1,0
BRF:39
BRH:0
end_of_record
TN:
SF:src\notifications\notifications.controller.ts
FN:26,(anonymous_4)
FN:33,(anonymous_5)
FN:44,(anonymous_6)
FN:55,(anonymous_7)
FNF:4
FNH:0
FNDA:0,(anonymous_4)
FNDA:0,(anonymous_5)
FNDA:0,(anonymous_6)
FNDA:0,(anonymous_7)
DA:1,0
DA:12,0
DA:13,0
DA:14,0
DA:15,0
DA:16,0
DA:17,0
DA:18,0
DA:25,0
DA:26,0
DA:33,0
DA:37,0
DA:38,0
DA:44,0
DA:48,0
DA:49,0
DA:55,0
DA:56,0
DA:57,0
LF:19
LH:0
BRF:0
BRH:0
end_of_record
TN:
SF:src\notifications\notifications.module.ts
FN:17,(anonymous_1)
FNF:1
FNH:0
FNDA:0,(anonymous_1)
DA:1,0
DA:2,0
DA:3,0
DA:4,0
DA:5,0
DA:6,0
DA:7,0
DA:8,0
DA:9,0
DA:10,0
DA:17,0
DA:32,0
LF:12
LH:0
BRF:0
BRH:0
end_of_record
TN:
SF:src\notifications\notifications.service.ts
FN:11,(anonymous_2)
FN:20,(anonymous_3)
FN:29,(anonymous_4)
FN:39,(anonymous_5)
FN:47,(anonymous_6)
FNF:5
FNH:0
FNDA:0,(anonymous_2)
FNDA:0,(anonymous_3)
FNDA:0,(anonymous_4)
FNDA:0,(anonymous_5)
FNDA:0,(anonymous_6)
DA:1,1
DA:2,1
DA:6,1
DA:10,1
DA:12,0
DA:13,0
DA:21,0
DA:30,0
DA:40,0
DA:48,0
LF:10
LH:4
BRF:0
BRH:0
end_of_record
TN:
SF:src\notifications\dto\notification-query.dto.ts
FN:5,(anonymous_2)
FN:8,(anonymous_3)
FN:14,(anonymous_4)
FN:21,(anonymous_5)
FNF:4
FNH:0
FNDA:0,(anonymous_2)
FNDA:0,(anonymous_3)
FNDA:0,(anonymous_4)
FNDA:0,(anonymous_5)
DA:1,0
DA:2,0
DA:3,0
DA:5,0
DA:8,0
DA:10,0
DA:14,0
DA:17,0
DA:21,0
DA:23,0
LF:10
LH:0
BRDA:21,0,0,0
BRDA:21,0,1,0
BRF:2
BRH:0
end_of_record
TN:
SF:src\notifications\entities\notification.entity.ts
FN:24,(anonymous_2)
FN:51,(anonymous_3)
FNF:2
FNH:0
FNDA:0,(anonymous_2)
FNDA:0,(anonymous_3)
DA:1,1
DA:10,1
DA:11,1
DA:12,1
DA:17,1
DA:19,1
DA:22,1
DA:24,0
DA:26,1
DA:29,1
DA:32,1
DA:35,1
DA:38,1
DA:42,1
DA:45,1
DA:49,1
DA:51,0
DA:53,1
LF:18
LH:16
BRF:0
BRH:0
end_of_record
TN:
SF:src\notifications\enums\notification-type.enum.ts
FN:1,(anonymous_0)
FNF:1
FNH:1
FNDA:1,(anonymous_0)
DA:1,1
DA:2,1
DA:3,1
DA:4,1
DA:5,1
DA:6,1
DA:7,1
DA:8,1
DA:9,1
LF:9
LH:9
BRDA:1,0,0,1
BRDA:1,0,1,1
BRF:2
BRH:2
end_of_record
TN:
SF:src\notifications\gateway\notifications.gateway.ts
FN:34,(anonymous_2)
FN:36,(anonymous_3)
FN:62,(anonymous_4)
FN:69,(anonymous_5)
FNF:4
FNH:0
FNDA:0,(anonymous_2)
FNDA:0,(anonymous_3)
FNDA:0,(anonymous_4)
FNDA:0,(anonymous_5)
DA:1,1
DA:7,1
DA:8,1
DA:9,1
DA:10,1
DA:17,1
DA:26,1
DA:30,1
DA:32,0
DA:34,0
DA:37,0
DA:39,0
DA:45,0
DA:46,0
DA:47,0
DA:50,0
DA:55,0
DA:56,0
DA:58,0
DA:63,0
DA:70,0
LF:21
LH:8
BRDA:39,0,0,0
BRDA:39,0,1,0
BRDA:45,1,0,0
BRF:3
BRH:0
end_of_record
TN:
SF:src\notifications\providers\create-notification.provider.ts
FN:18,(anonymous_4)
FN:24,(anonymous_5)
FNF:2
FNH:0
FNDA:0,(anonymous_4)
FNDA:0,(anonymous_5)
DA:1,1
DA:2,1
DA:3,1
DA:4,1
DA:6,1
DA:17,1
DA:20,0
DA:21,0
DA:25,0
DA:26,0
DA:29,0
DA:37,0
LF:12
LH:6
BRF:0
BRH:0
end_of_record
TN:
SF:src\notifications\providers\find-notifications.provider.ts
FN:9,(anonymous_4)
FN:14,(anonymous_5)
FN:47,(anonymous_6)
FN:54,(anonymous_7)
FNF:4
FNH:0
FNDA:0,(anonymous_4)
FNDA:0,(anonymous_5)
FNDA:0,(anonymous_6)
FNDA:0,(anonymous_7)
DA:1,1
DA:2,1
DA:3,1
DA:4,1
DA:8,1
DA:11,0
DA:24,0
DA:25,0
DA:26,0
DA:28,0
DA:32,0
DA:33,0
DA:36,0
DA:38,0
DA:40,0
DA:44,0
DA:48,0
DA:55,0
LF:18
LH:5
BRDA:24,0,0,0
BRDA:24,0,1,0
BRDA:25,1,0,0
BRDA:25,1,1,0
BRDA:32,2,0,0
BRF:5
BRH:0
end_of_record
TN:
SF:src\payments\payments.controller.ts
FN:35,(anonymous_4)
FN:43,(anonymous_5)
FN:61,(anonymous_6)
FN:74,(anonymous_7)
FN:102,(anonymous_8)
FN:115,(anonymous_9)
FNF:6
FNH:0
FNDA:0,(anonymous_4)
FNDA:0,(anonymous_5)
FNDA:0,(anonymous_6)
FNDA:0,(anonymous_7)
FNDA:0,(anonymous_8)
FNDA:0,(anonymous_9)
DA:1,0
DA:14,0
DA:22,0
DA:23,0
DA:24,0
DA:25,0
DA:26,0
DA:27,0
DA:28,0
DA:29,0
DA:34,0
DA:35,0
DA:43,0
DA:47,0
DA:48,0
DA:61,0
DA:62,0
DA:64,0
DA:65,0
DA:66,0
DA:67,0
DA:74,0
DA:79,0
DA:80,0
DA:102,0
DA:107,0
DA:108,0
DA:115,0
DA:120,0
DA:121,0
LF:30
LH:0
BRDA:62,0,0,0
BRDA:62,0,1,0
BRDA:64,1,0,0
BRDA:64,1,1,0
BRDA:65,2,0,0
BRDA:65,2,1,0
BRF:6
BRH:0
end_of_record
TN:
SF:src\payments\payments.module.ts
FNF:0
FNH:0
DA:1,0
DA:2,0
DA:3,0
DA:4,0
DA:5,0
DA:6,0
DA:7,0
DA:8,0
DA:9,0
DA:10,0
DA:11,0
DA:12,0
DA:13,0
DA:14,0
DA:15,0
DA:16,0
DA:17,0
DA:18,0
DA:19,0
DA:45,0
LF:20
LH:0
BRF:0
BRH:0
end_of_record
TN:
SF:src\payments\payments.service.ts
FN:13,(anonymous_2)
FN:26,(anonymous_3)
FN:36,(anonymous_4)
FN:47,(anonymous_5)
FN:57,(anonymous_6)
FN:61,(anonymous_7)
FNF:6
FNH:0
FNDA:0,(anonymous_2)
FNDA:0,(anonymous_3)
FNDA:0,(anonymous_4)
FNDA:0,(anonymous_5)
FNDA:0,(anonymous_6)
FNDA:0,(anonymous_7)
DA:1,0
DA:2,0
DA:3,0
DA:4,0
DA:5,0
DA:12,0
DA:14,0
DA:15,0
DA:16,0
DA:17,0
DA:27,0
DA:37,0
DA:48,0
DA:58,0
DA:62,0
DA:67,0
DA:68,0
DA:70,0
LF:18
LH:0
BRDA:67,0,0,0
BRF:1
BRH:0
end_of_record
TN:
SF:src\payments\dto\initialize-payment.dto.ts
FNF:0
FNH:0
DA:1,0
DA:2,0
DA:7,0
DA:10,0
LF:4
LH:0
BRF:0
BRH:0
end_of_record
TN:
SF:src\payments\entities\payment.entity.ts
FN:33,(anonymous_2)
FN:40,(anonymous_3)
FN:76,(anonymous_4)
FNF:3
FNH:0
FNDA:0,(anonymous_2)
FNDA:0,(anonymous_3)
FNDA:0,(anonymous_4)
DA:1,6
DA:11,6
DA:12,6
DA:13,6
DA:14,6
DA:15,6
DA:26,6
DA:28,6
DA:31,6
DA:33,0
DA:35,6
DA:38,6
DA:40,0
DA:42,6
DA:46,6
DA:49,6
DA:52,6
DA:55,6
DA:58,6
DA:61,6
DA:64,6
DA:67,6
DA:70,6
DA:74,6
DA:76,0
DA:78,6
LF:26
LH:23
BRF:0
BRH:0
end_of_record
TN:
SF:src\payments\enums\payment-provider.enum.ts
FN:1,(anonymous_0)
FNF:1
FNH:1
FNDA:6,(anonymous_0)
DA:1,6
DA:2,6
DA:3,6
LF:3
LH:3
BRDA:1,0,0,6
BRDA:1,0,1,6
BRF:2
BRH:2
end_of_record
TN:
SF:src\payments\enums\payment-status.enum.ts
FN:1,(anonymous_0)
FNF:1
FNH:1
FNDA:6,(anonymous_0)
DA:1,6
DA:2,6
DA:3,6
DA:4,6
DA:5,6
LF:5
LH:5
BRDA:1,0,0,6
BRDA:1,0,1,6
BRF:2
BRH:2
end_of_record
TN:
SF:src\payments\providers\fake-soroban-rpc.client.ts
FN:36,(anonymous_0)
FN:48,(anonymous_1)
FN:53,(anonymous_2)
FN:65,(anonymous_3)
FN:117,(anonymous_4)
FN:148,(anonymous_5)
FNF:6
FNH:6
FNDA:23,(anonymous_0)
FNDA:13,(anonymous_1)
FNDA:11,(anonymous_2)
FNDA:11,(anonymous_3)
FNDA:2,(anonymous_4)
FNDA:14,(anonymous_5)
DA:1,1
DA:26,1
DA:30,23
DA:32,23
DA:34,23
DA:37,23
DA:49,13
DA:50,13
DA:56,11
DA:57,11
DA:68,11
DA:70,11
DA:74,0
DA:83,11
DA:87,1
DA:101,10
DA:120,2
DA:121,1
DA:130,1
DA:149,14
DA:150,1
DA:152,13
LF:22
LH:21
BRDA:38,0,0,23
BRDA:38,0,1,3
BRDA:40,1,0,23
BRDA:40,1,1,22
BRDA:42,2,0,23
BRDA:42,2,1,22
BRDA:43,3,0,23
BRDA:43,3,1,22
BRDA:44,4,0,23
BRDA:44,4,1,22
BRDA:70,5,0,0
BRDA:83,6,0,1
BRDA:120,7,0,1
BRDA:149,8,0,1
BRF:14
BRH:13
end_of_record
TN:
SF:src\payments\providers\find-payments.provider.ts
FN:21,(anonymous_4)
FN:26,(anonymous_5)
FN:77,(anonymous_6)
FNF:3
FNH:0
FNDA:0,(anonymous_4)
FNDA:0,(anonymous_5)
FNDA:0,(anonymous_6)
DA:1,0
DA:2,0
DA:3,0
DA:4,0
DA:7,0
DA:9,0
DA:20,0
DA:23,0
DA:31,0
DA:32,0
DA:33,0
DA:36,0
DA:40,0
DA:45,0
DA:46,0
DA:49,0
DA:50,0
DA:55,0
DA:56,0
DA:59,0
DA:60,0
DA:63,0
DA:64,0
DA:67,0
DA:68,0
DA:71,0
DA:73,0
DA:74,0
DA:83,0
DA:87,0
DA:91,0
DA:92,0
DA:95,0
LF:33
LH:0
BRDA:31,0,0,0
BRDA:31,0,1,0
BRDA:32,1,0,0
BRDA:32,1,1,0
BRDA:36,2,0,0
BRDA:36,2,1,0
BRDA:36,2,2,0
BRDA:45,3,0,0
BRDA:49,4,0,0
BRDA:55,5,0,0
BRDA:59,6,0,0
BRDA:63,7,0,0
BRDA:67,8,0,0
BRDA:83,9,0,0
BRDA:83,9,1,0
BRDA:83,9,2,0
BRDA:91,10,0,0
BRF:17
BRH:0
end_of_record
TN:
SF:src\payments\providers\handle-webhook.provider.ts
FN:37,(anonymous_4)
FN:54,(anonymous_5)
FN:128,(anonymous_6)
FN:132,(anonymous_7)
FN:149,(anonymous_8)
FN:163,(anonymous_9)
FN:238,(anonymous_10)
FN:246,(anonymous_11)
FN:274,(anonymous_12)
FN:290,(anonymous_13)
FN:314,(anonymous_14)
FN:367,(anonymous_15)
FN:411,(anonymous_16)
FN:441,(anonymous_17)
FN:456,(anonymous_18)
FN:463,(anonymous_19)
FNF:16
FNH:11
FNDA:28,(anonymous_4)
FNDA:34,(anonymous_5)
FNDA:20,(anonymous_6)
FNDA:0,(anonymous_7)
FNDA:2,(anonymous_8)
FNDA:23,(anonymous_9)
FNDA:0,(anonymous_10)
FNDA:16,(anonymous_11)
FNDA:15,(anonymous_12)
FNDA:0,(anonymous_13)
FNDA:16,(anonymous_14)
FNDA:5,(anonymous_15)
FNDA:1,(anonymous_16)
FNDA:0,(anonymous_17)
FNDA:0,(anonymous_18)
FNDA:8,(anonymous_19)
DA:1,1
DA:7,1
DA:8,1
DA:9,1
DA:10,1
DA:11,1
DA:12,1
DA:13,1
DA:14,1
DA:15,1
DA:16,1
DA:17,1
DA:18,1
DA:19,1
DA:20,1
DA:21,1
DA:22,1
DA:23,1
DA:25,1
DA:31,1
DA:34,1
DA:35,28
DA:39,28
DA:41,28
DA:43,28
DA:44,28
DA:45,28
DA:46,28
DA:47,28
DA:48,28
DA:49,28
DA:50,28
DA:51,28
DA:59,34
DA:63,34
DA:64,0
DA:67,34
DA:68,5
DA:69,5
DA:70,1
DA:72,4
DA:73,4
DA:74,1
DA:77,1
DA:79,3
DA:80,1
DA:83,1
DA:88,31
DA:89,31
DA:91,0
DA:94,31
DA:95,31
DA:96,31
DA:98,31
DA:100,31
DA:101,0
DA:104,0
DA:105,0
DA:108,31
DA:109,23
DA:110,8
DA:111,5
DA:113,3
DA:129,20
DA:132,0
DA:139,20
DA:150,2
DA:160,2
DA:167,23
DA:171,23
DA:172,1
DA:175,1
DA:179,1
DA:186,22
DA:187,2
DA:190,2
DA:191,2
DA:197,20
DA:199,20
DA:200,4
DA:203,4
DA:204,4
DA:209,16
DA:210,16
DA:211,16
DA:221,16
DA:226,16
DA:231,8
DA:235,16
DA:236,12
DA:239,0
DA:246,16
DA:247,16
DA:252,16
DA:254,16
DA:255,16
DA:256,15
DA:269,0
DA:270,0
DA:275,15
DA:281,16
DA:282,0
DA:290,0
DA:293,16
DA:294,16
DA:318,16
DA:319,16
DA:323,0
DA:326,0
DA:329,16
DA:330,1
DA:333,1
DA:336,15
DA:337,5
DA:339,5
DA:342,4
DA:343,2
DA:346,2
DA:348,2
DA:350,1
DA:353,1
DA:357,10
DA:358,10
DA:360,0
DA:363,0
DA:368,5
DA:372,5
DA:373,1
DA:376,1
DA:380,1
DA:386,4
DA:387,2
DA:390,2
DA:391,2
DA:398,2
DA:400,2
DA:401,1
DA:404,1
DA:405,1
DA:408,1
DA:411,1
DA:412,1
DA:413,1
DA:414,0
DA:417,0
DA:420,1
DA:423,1
DA:424,0
DA:427,1
DA:428,0
DA:436,0
DA:437,0
DA:442,0
DA:447,1
DA:448,0
DA:456,0
DA:459,1
DA:460,1
DA:467,8
DA:469,8
DA:473,8
DA:482,7
DA:489,6
DA:490,1
DA:495,6
DA:502,2
DA:512,2
LF:167
LH:143
BRDA:63,0,0,0
BRDA:67,1,0,5
BRDA:69,2,0,1
BRDA:73,3,0,1
BRDA:79,4,0,1
BRDA:100,5,0,0
BRDA:108,6,0,23
BRDA:108,6,1,8
BRDA:110,7,0,5
BRDA:110,7,1,3
BRDA:139,8,0,20
BRDA:139,8,1,0
BRDA:160,9,0,2
BRDA:160,9,1,0
BRDA:171,10,0,1
BRDA:186,11,0,2
BRDA:199,12,0,4
BRDA:226,13,0,8
BRDA:227,14,0,16
BRDA:227,14,1,12
BRDA:227,14,2,9
BRDA:235,15,0,12
BRDA:252,16,0,16
BRDA:252,16,1,16
BRDA:252,17,0,15
BRDA:252,17,1,1
BRDA:254,18,0,16
BRDA:254,18,1,16
BRDA:254,19,0,15
BRDA:254,19,1,1
BRDA:255,20,0,1
BRDA:255,21,0,16
BRDA:255,21,1,15
BRDA:261,22,0,15
BRDA:261,22,1,0
BRDA:263,23,0,15
BRDA:263,23,1,0
BRDA:269,24,0,0
BRDA:281,25,0,0
BRDA:295,26,0,16
BRDA:295,26,1,4
BRDA:329,27,0,1
BRDA:336,28,0,5
BRDA:342,29,0,2
BRDA:372,30,0,1
BRDA:386,31,0,2
BRDA:400,32,0,1
BRDA:413,33,0,0
BRDA:413,33,1,1
BRDA:417,34,0,0
BRDA:423,35,0,0
BRDA:427,36,0,1
BRDA:432,37,0,0
BRDA:432,37,1,0
BRDA:436,38,0,0
BRDA:447,39,0,0
BRDA:489,40,0,1
BRDA:489,41,0,6
BRDA:489,41,1,0
BRF:59
BRH:43
end_of_record
TN:
SF:src\payments\providers\initialize-payment.provider.ts
FN:19,(anonymous_4)
FN:39,(anonymous_5)
FNF:2
FNH:0
FNDA:0,(anonymous_4)
FNDA:0,(anonymous_5)
DA:1,0
DA:6,0
DA:7,0
DA:8,0
DA:9,0
DA:10,0
DA:11,0
DA:12,0
DA:13,0
DA:14,0
DA:15,0
DA:18,0
DA:21,0
DA:23,0
DA:25,0
DA:26,0
DA:27,0
DA:47,0
DA:50,0
DA:51,0
DA:53,0
DA:54,0
DA:60,0
DA:63,0
DA:65,0
DA:72,0
DA:79,0
DA:81,0
DA:88,0
DA:90,0
DA:98,0
DA:99,0
DA:101,0
LF:33
LH:0
BRDA:50,0,0,0
BRDA:53,1,0,0
BRDA:63,2,0,0
BRF:3
BRH:0
end_of_record
TN:
SF:src\payments\providers\paystack.provider.ts
FN:13,(anonymous_2)
FN:17,(anonymous_3)
FN:33,(anonymous_4)
FN:63,(anonymous_5)
FN:77,(anonymous_6)
FN:98,(anonymous_7)
FNF:6
FNH:0
FNDA:0,(anonymous_2)
FNDA:0,(anonymous_3)
FNDA:0,(anonymous_4)
FNDA:0,(anonymous_5)
FNDA:0,(anonymous_6)
FNDA:0,(anonymous_7)
DA:1,4
DA:2,4
DA:3,4
DA:4,4
DA:6,4
DA:9,4
DA:10,0
DA:13,0
DA:14,0
DA:18,0
DA:44,0
DA:55,0
DA:64,0
DA:68,0
DA:81,0
DA:84,0
DA:86,0
DA:89,0
DA:99,0
DA:103,0
LF:20
LH:6
BRDA:84,0,0,0
BRF:1
BRH:0
end_of_record
TN:
SF:src\payments\providers\real-soroban-rpc.client.ts
FN:10,(anonymous_2)
FN:20,(anonymous_3)
FN:24,(anonymous_4)
FN:30,(anonymous_5)
FN:36,(anonymous_6)
FN:42,(anonymous_7)
FNF:6
FNH:0
FNDA:0,(anonymous_2)
FNDA:0,(anonymous_3)
FNDA:0,(anonymous_4)
FNDA:0,(anonymous_5)
FNDA:0,(anonymous_6)
FNDA:0,(anonymous_7)
DA:1,0
DA:2,0
DA:3,0
DA:7,0
DA:10,0
DA:11,0
DA:21,0
DA:27,0
DA:33,0
DA:39,0
DA:43,0
LF:11
LH:0
BRF:0
BRH:0
end_of_record
TN:
SF:src\payments\providers\refund-payment.provider.ts
FN:16,(anonymous_4)
FN:22,(anonymous_5)
FNF:2
FNH:0
FNDA:0,(anonymous_4)
FNDA:0,(anonymous_5)
DA:1,0
DA:7,0
DA:8,0
DA:9,0
DA:10,0
DA:11,0
DA:12,0
DA:15,0
DA:18,0
DA:19,0
DA:27,0
DA:31,0
DA:32,0
DA:36,0
DA:39,0
DA:40,0
DA:43,0
DA:44,0
DA:49,0
DA:51,0
DA:52,0
LF:21
LH:0
BRDA:31,0,0,0
BRDA:36,1,0,0
BRDA:36,1,1,0
[...]
DA:35,0
DA:40,0
DA:53,0
DA:56,0
DA:60,0
DA:63,0
DA:67,0
DA:70,0
DA:73,0
DA:76,0
DA:79,0
DA:82,0
LF:17
LH:0
BRF:0
BRH:0
end_of_record
TN:
SF:src\users\entities\user.entity.ts
FN:169,(anonymous_2)
FN:113,(anonymous_3)
FN:113,(anonymous_4)
FN:165,(anonymous_5)
FNF:4
FNH:0
FNDA:0,(anonymous_2)
FNDA:0,(anonymous_3)
FNDA:0,(anonymous_4)
FNDA:0,(anonymous_5)
DA:1,11
DA:13,11
DA:14,11
DA:15,11
DA:16,11
DA:17,11
DA:27,11
DA:29,11
DA:32,11
DA:35,11
DA:38,11
DA:41,11
DA:45,11
DA:52,11
DA:56,11
DA:60,11
DA:64,11
DA:68,11
DA:72,11
DA:76,11
DA:80,11
DA:84,11
DA:88,11
DA:92,11
DA:95,11
DA:98,11
DA:101,11
DA:104,11
DA:107,11
DA:110,11
DA:113,0
DA:114,11
DA:117,11
DA:120,11
DA:123,11
DA:127,11
DA:131,11
DA:135,11
DA:150,11
DA:153,11
DA:156,11
DA:159,11
DA:163,11
DA:165,0
DA:167,11
DA:170,0
LF:46
LH:43
BRF:0
BRH:0
end_of_record
TN:
SF:src\users\enums\membership-status.enum.ts
FN:1,(anonymous_0)
FNF:1
FNH:1
FNDA:11,(anonymous_0)
DA:1,11
DA:2,11
DA:3,11
DA:4,11
LF:4
LH:4
BRDA:1,0,0,11
BRDA:1,0,1,11
BRF:2
BRH:2
end_of_record
TN:
SF:src\users\enums\userRoles.enum.ts
FN:1,(anonymous_0)
FNF:1
FNH:1
FNDA:15,(anonymous_0)
DA:1,15
DA:2,15
DA:3,15
DA:4,15
DA:5,15
LF:5
LH:5
BRDA:1,0,0,15
BRDA:1,0,1,15
BRF:2
BRH:2
end_of_record
TN:
SF:src\users\providers\anonymise-user.provider.ts
FN:49,(anonymous_4)
FN:67,(anonymous_5)
FN:87,(anonymous_6)
FN:189,(anonymous_7)
FN:200,(anonymous_8)
FN:217,(anonymous_9)
FN:233,(anonymous_10)
FNF:7
FNH:5
FNDA:5,(anonymous_4)
FNDA:4,(anonymous_5)
FNDA:1,(anonymous_6)
FNDA:1,(anonymous_7)
FNDA:2,(anonymous_8)
FNDA:0,(anonymous_9)
FNDA:0,(anonymous_10)
DA:1,1
DA:2,1
DA:3,1
DA:4,1
DA:5,1
DA:6,1
DA:7,1
DA:8,1
DA:9,1
DA:10,1
DA:46,1
DA:47,5
DA:51,5
DA:53,5
DA:55,5
DA:57,5
DA:58,5
DA:68,4
DA:69,4
DA:70,1
DA:73,3
DA:74,1
DA:75,1
DA:79,2
DA:80,2
DA:85,2
DA:87,2
DA:92,1
DA:111,1
DA:116,1
DA:125,1
DA:132,1
DA:141,1
DA:170,1
DA:176,1
DA:179,1
DA:181,1
DA:193,1
DA:197,1
DA:198,0
DA:200,2
DA:202,1
DA:208,1
DA:214,1
DA:217,0
DA:222,1
DA:237,0
DA:240,0
DA:245,0
DA:246,0
LF:50
LH:44
BRDA:69,0,0,1
BRDA:73,1,0,1
BRDA:103,2,0,1
BRDA:103,2,1,0
BRDA:197,3,0,0
BRDA:223,4,0,1
BRDA:223,4,1,0
BRDA:224,5,0,1
BRDA:224,5,1,0
BRF:9
BRH:5
end_of_record
TN:
SF:src\users\providers\createUser.provider.ts
FN:18,(anonymous_4)
FN:33,(anonymous_5)
FNF:2
FNH:0
FNDA:0,(anonymous_4)
FNDA:0,(anonymous_5)
DA:1,0
DA:2,0
DA:3,0
DA:4,0
DA:6,0
DA:7,0
DA:10,0
DA:11,0
DA:12,0
DA:13,0
DA:14,0
DA:15,0
DA:17,0
DA:20,0
DA:22,0
DA:24,0
DA:26,0
DA:28,0
DA:30,0
DA:37,0
DA:38,0
DA:42,0
DA:43,0
DA:47,0
DA:50,0
DA:53,0
DA:54,0
DA:58,0
DA:59,0
DA:60,0
DA:63,0
DA:69,0
DA:73,0
DA:75,0
DA:80,0
DA:83,0
DA:85,0
DA:95,0
DA:101,0
DA:103,0
LF:40
LH:0
BRDA:42,0,0,0
BRDA:53,1,0,0
BRDA:81,2,0,0
BRDA:81,2,1,0
BRF:4
BRH:0
end_of_record
TN:
SF:src\users\providers\deleteUser.provider.ts
FN:9,(anonymous_4)
FN:14,(anonymous_5)
FNF:2
FNH:0
FNDA:0,(anonymous_4)
FNDA:0,(anonymous_5)
DA:1,0
DA:2,0
DA:3,0
DA:4,0
DA:5,0
DA:8,0
DA:11,0
DA:15,0
DA:16,0
DA:17,0
DA:18,0
DA:21,0
LF:12
LH:0
BRDA:17,0,0,0
BRF:1
BRH:0
end_of_record
TN:
SF:src\users\providers\findAdminById.provider.ts
FN:10,(anonymous_4)
FN:15,(anonymous_5)
FNF:2
FNH:0
FNDA:0,(anonymous_4)
FNDA:0,(anonymous_5)
DA:1,0
DA:2,0
DA:3,0
DA:4,0
DA:5,0
DA:6,0
DA:9,0
DA:12,0
DA:16,0
DA:17,0
DA:24,0
DA:25,0
DA:28,0
DA:30,0
LF:14
LH:0
BRDA:24,0,0,0
BRF:1
BRH:0
end_of_record
TN:
SF:src\users\providers\findAllAdmins.provider.ts
FN:10,(anonymous_4)
FN:15,(anonymous_5)
FNF:2
FNH:0
FNDA:0,(anonymous_4)
FNDA:0,(anonymous_5)
DA:1,0
DA:2,0
DA:3,0
DA:4,0
DA:5,0
DA:6,0
DA:9,0
DA:12,0
DA:16,0
DA:17,0
DA:21,0
LF:11
LH:0
BRF:0
BRH:0
end_of_record
TN:
SF:src\users\providers\findAllUsers.provider.ts
FN:9,(anonymous_4)
FN:14,(anonymous_5)
FNF:2
FNH:0
FNDA:0,(anonymous_4)
FNDA:0,(anonymous_5)
DA:1,0
DA:2,0
DA:3,0
DA:4,0
DA:5,0
DA:8,0
DA:11,0
DA:15,0
DA:16,0
DA:18,0
LF:10
LH:0
BRF:0
BRH:0
end_of_record
TN:
SF:src\users\providers\findOneUserByEmail.provider.ts
FN:9,(anonymous_4)
FN:14,(anonymous_5)
FNF:2
FNH:0
FNDA:0,(anonymous_4)
FNDA:0,(anonymous_5)
DA:1,0
DA:2,0
DA:3,0
DA:4,0
DA:5,0
DA:8,0
DA:11,0
DA:15,0
DA:16,0
DA:22,0
DA:23,0
DA:26,0
DA:28,0
LF:13
LH:0
BRDA:22,0,0,0
BRF:1
BRH:0
end_of_record
TN:
SF:src\users\providers\findOneUserById.provider.ts
FN:9,(anonymous_4)
FN:14,(anonymous_5)
FNF:2
FNH:0
FNDA:0,(anonymous_4)
FNDA:0,(anonymous_5)
DA:1,0
DA:2,0
DA:3,0
DA:4,0
DA:5,0
DA:8,0
DA:11,0
DA:15,0
DA:16,0
DA:22,0
DA:23,0
DA:26,0
DA:28,0
LF:13
LH:0
BRDA:22,0,0,0
BRF:1
BRH:0
end_of_record
TN:
SF:src\users\providers\forgotPassword.provider.ts
FN:12,(anonymous_4)
FN:21,(anonymous_5)
FNF:2
FNH:0
FNDA:0,(anonymous_4)
FNDA:0,(anonymous_5)
DA:1,0
DA:2,0
DA:3,0
DA:4,0
DA:5,0
DA:6,0
DA:7,0
DA:8,0
DA:11,0
DA:14,0
DA:16,0
DA:18,0
DA:22,0
DA:23,0
DA:24,0
DA:25,0
DA:28,0
DA:29,0
DA:32,0
DA:36,0
DA:37,0
DA:39,0
DA:42,0
DA:44,0
DA:46,0
DA:49,0
DA:55,0
DA:57,0
LF:28
LH:0
BRDA:24,0,0,0
BRDA:33,1,0,0
BRDA:33,1,1,0
BRDA:42,2,0,0
BRDA:42,2,1,0
BRDA:51,3,0,0
BRDA:51,3,1,0
BRF:7
BRH:0
end_of_record
TN:
SF:src\users\providers\get-member-stats.provider.ts
FN:17,(anonymous_4)
FN:22,(anonymous_5)
FNF:2
FNH:0
FNDA:0,(anonymous_4)
FNDA:0,(anonymous_5)
DA:1,0
DA:2,0
DA:3,0
DA:4,0
DA:5,0
DA:16,0
DA:19,0
DA:23,0
DA:45,0
LF:9
LH:0
BRF:0
BRH:0
end_of_record
TN:
SF:src\users\providers\get-members.provider.ts
FN:17,(anonymous_4)
FN:22,(anonymous_5)
FNF:2
FNH:0
FNDA:0,(anonymous_4)
FNDA:0,(anonymous_5)
DA:1,0
DA:2,0
DA:3,0
DA:4,0
DA:16,0
DA:19,0
DA:23,0
DA:25,0
DA:46,0
DA:47,0
DA:50,0
DA:51,0
DA:57,0
DA:58,0
DA:64,0
LF:15
LH:0
BRDA:23,0,0,0
BRDA:23,1,0,0
BRDA:46,2,0,0
BRDA:50,3,0,0
BRF:4
BRH:0
end_of_record
TN:
SF:src\users\providers\resetPassword.provider.ts
FN:20,(anonymous_4)
FN:31,(anonymous_5)
FNF:2
FNH:0
FNDA:0,(anonymous_4)
FNDA:0,(anonymous_5)
DA:1,0
DA:7,0
DA:8,0
DA:9,0
DA:10,0
DA:11,0
DA:12,0
DA:13,0
DA:14,0
DA:17,0
DA:18,0
DA:22,0
DA:24,0
DA:26,0
DA:28,0
DA:32,0
DA:33,0
DA:34,0
DA:36,0
DA:42,0
DA:43,0
DA:46,0
DA:47,0
DA:50,0
DA:51,0
DA:52,0
DA:53,0
DA:55,0
DA:58,0
DA:64,0
DA:65,0
DA:69,0
DA:70,0
DA:75,0
DA:77,0
LF:35
LH:0
BRDA:42,0,0,0
BRDA:46,1,0,0
BRDA:46,2,0,0
BRDA:46,2,1,0
BRDA:67,3,0,0
BRDA:67,3,1,0
BRDA:69,4,0,0
BRF:7
BRH:0
end_of_record
TN:
SF:src\users\providers\update-member-status.provider.ts
FN:9,(anonymous_4)
FN:14,(anonymous_5)
FNF:2
FNH:0
FNDA:0,(anonymous_4)
FNDA:0,(anonymous_5)
DA:1,0
DA:2,0
DA:3,0
DA:4,0
DA:5,0
DA:8,0
DA:11,0
DA:18,0
DA:21,0
DA:22,0
DA:25,0
DA:28,0
DA:29,0
DA:32,0
DA:33,0
DA:36,0
LF:16
LH:0
BRDA:21,0,0,0
BRDA:32,1,0,0
BRDA:32,2,0,0
BRDA:32,2,1,0
BRF:4
BRH:0
end_of_record
TN:
SF:src\users\providers\updateUser.provider.ts
FN:14,(anonymous_4)
FN:19,(anonymous_5)
FNF:2
FNH:0
FNDA:0,(anonymous_4)
FNDA:0,(anonymous_5)
DA:1,0
DA:6,0
DA:7,0
DA:8,0
DA:10,0
DA:13,0
DA:16,0
DA:20,0
DA:21,0
DA:22,0
DA:23,0
DA:26,0
DA:27,0
DA:30,0
DA:31,0
DA:33,0
LF:16
LH:0
BRDA:22,0,0,0
BRDA:26,1,0,0
BRF:2
BRH:0
end_of_record
TN:
SF:src\users\providers\uploadProfilePicture.provider.ts
FN:10,(anonymous_4)
FN:16,(anonymous_5)
FNF:2
FNH:0
FNDA:0,(anonymous_4)
FNDA:0,(anonymous_5)
DA:1,0
DA:2,0
DA:3,0
DA:4,0
DA:5,0
DA:6,0
DA:9,0
DA:12,0
DA:13,0
DA:22,0
DA:23,0
DA:28,0
DA:29,0
DA:32,0
DA:33,0
DA:36,0
DA:41,0
DA:42,0
DA:43,0
DA:46,0
DA:50,0
DA:51,0
DA:53,0
DA:55,0
LF:24
LH:0
BRDA:22,0,0,0
BRDA:22,1,0,0
BRDA:22,1,1,0
BRDA:32,2,0,0
BRDA:41,3,0,0
BRF:5
BRH:0
end_of_record
TN:
SF:src\users\providers\users.service.ts
FN:39,(anonymous_4)
FN:47,(anonymous_5)
FN:83,(anonymous_6)
FN:91,(anonymous_7)
FN:96,(anonymous_8)
FN:101,(anonymous_9)
FN:106,(anonymous_10)
FN:111,(anonymous_11)
FN:116,(anonymous_12)
FN:123,(anonymous_13)
FN:130,(anonymous_14)
FN:135,(anonymous_15)
FN:140,(anonymous_16)
FN:145,(anonymous_17)
FN:160,(anonymous_18)
FN:177,(anonymous_19)
FN:187,(anonymous_20)
FN:192,(anonymous_21)
FN:197,(anonymous_22)
FN:201,(anonymous_23)
FN:205,(anonymous_24)
FN:209,(anonymous_25)
FN:221,(anonymous_26)
FN:271,(anonymous_27)
FN:280,(anonymous_28)
FNF:25
FNH:0
FNDA:0,(anonymous_4)
FNDA:0,(anonymous_5)
FNDA:0,(anonymous_6)
FNDA:0,(anonymous_7)
FNDA:0,(anonymous_8)
FNDA:0,(anonymous_9)
FNDA:0,(anonymous_10)
FNDA:0,(anonymous_11)
FNDA:0,(anonymous_12)
FNDA:0,(anonymous_13)
FNDA:0,(anonymous_14)
FNDA:0,(anonymous_15)
FNDA:0,(anonymous_16)
FNDA:0,(anonymous_17)
FNDA:0,(anonymous_18)
FNDA:0,(anonymous_19)
FNDA:0,(anonymous_20)
FNDA:0,(anonymous_21)
FNDA:0,(anonymous_22)
FNDA:0,(anonymous_23)
FNDA:0,(anonymous_24)
FNDA:0,(anonymous_25)
FNDA:0,(anonymous_26)
FNDA:0,(anonymous_27)
FNDA:0,(anonymous_28)
DA:1,0
DA:4,0
DA:5,0
DA:6,0
DA:7,0
DA:8,0
DA:9,0
DA:10,0
DA:11,0
DA:14,0
DA:15,0
DA:16,0
DA:17,0
DA:19,0
DA:20,0
DA:21,0
DA:22,0
DA:23,0
DA:24,0
DA:25,0
DA:28,0
DA:29,0
DA:30,0
DA:31,0
DA:32,0
DA:34,0
DA:38,0
DA:40,0
DA:41,0
DA:42,0
DA:44,0
DA:45,0
DA:48,0
DA:49,0
DA:50,0
DA:51,0
DA:54,0
DA:57,0
DA:60,0
DA:63,0
DA:65,0
DA:66,0
DA:67,0
DA:69,0
DA:71,0
DA:72,0
DA:74,0
DA:75,0
DA:76,0
DA:77,0
DA:78,0
DA:79,0
DA:87,0
DA:92,0
DA:97,0
DA:102,0
DA:107,0
DA:112,0
DA:117,0
DA:124,0
DA:131,0
DA:136,0
DA:141,0
DA:151,0
DA:164,0
DA:165,0
DA:166,0
DA:168,0
DA:169,0
DA:170,0
DA:171,0
DA:178,0
DA:179,0
DA:180,0
DA:182,0
DA:183,0
DA:188,0
DA:193,0
DA:198,0
DA:202,0
DA:206,0
DA:210,0
DA:211,0
DA:212,0
DA:213,0
DA:216,0
DA:218,0
DA:222,0
DA:223,0
DA:224,0
DA:227,0
DA:229,0
DA:233,0
DA:237,0
DA:241,0
DA:243,0
DA:247,0
DA:251,0
DA:255,0
DA:259,0
DA:261,0
DA:272,0
DA:284,0
LF:103
LH:0
BRDA:41,0,0,0
BRDA:165,1,0,0
BRDA:179,2,0,0
BRDA:212,3,0,0
BRDA:223,4,0,0
BRF:5
BRH:0
end_of_record
TN:
SF:src\users\providers\validateUser.provider.ts
FN:9,(anonymous_2)
FN:15,(anonymous_3)
FNF:2
FNH:0
FNDA:0,(anonymous_2)
FNDA:0,(anonymous_3)
DA:1,0
DA:2,0
DA:4,0
DA:5,0
DA:8,0
DA:10,0
DA:12,0
DA:19,0
DA:20,0
DA:22,0
DA:27,0
DA:28,0
DA:37,0
DA:39,0
DA:41,0
LF:15
LH:0
BRDA:27,0,0,0
BRF:1
BRH:0
end_of_record
TN:
SF:src\users\utils\profile-completeness.util.ts
FN:4,computeProfileCompleteness
FNF:1
FNH:0
FNDA:0,computeProfileCompleteness
DA:2,0
DA:4,0
DA:5,0
DA:7,0
DA:8,0
DA:9,0
DA:10,0
DA:11,0
DA:12,0
DA:13,0
DA:15,0
LF:11
LH:0
BRDA:7,0,0,0
BRDA:7,1,0,0
BRDA:7,1,1,0
BRDA:8,2,0,0
BRDA:9,3,0,0
BRDA:10,4,0,0
BRDA:11,5,0,0
BRDA:12,6,0,0
BRDA:13,7,0,0
BRF:9
BRH:0
end_of_record
TN:
SF:src\utils\error.ts
FN:12,ErrorCatch
FNF:1
FNH:0
FNDA:0,ErrorCatch
DA:1,0
DA:12,0
DA:13,0
DA:14,0
DA:17,0
LF:5
LH:0
BRDA:13,0,0,0
BRF:1
BRH:0
end_of_record
TN:
SF:src\utils\soroban-types.ts
FN:10,mapScValToescrow
FN:26,mapScValToescrowStatus
FNF:2
FNH:1
FNDA:1,mapScValToescrow
FNDA:0,mapScValToescrowStatus
DA:2,2
DA:10,2
DA:11,1
DA:12,0
DA:13,0
DA:14,0
DA:15,0
DA:16,0
DA:18,0
DA:26,2
DA:27,0
DA:28,0
DA:30,0
DA:32,0
DA:34,0
DA:36,0
DA:38,0
LF:17
LH:4
BRDA:28,0,0,0
BRDA:28,0,1,0
BRDA:28,0,2,0
BRDA:28,0,3,0
BRDA:28,0,4,0
BRF:5
BRH:0
end_of_record
TN:
SF:src\workspace-tracking\workspace-tracking.controller.ts
FN:33,(anonymous_4)
FN:44,(anonymous_5)
FN:53,(anonymous_6)
FN:65,(anonymous_7)
FN:80,(anonymous_8)
FN:89,(anonymous_9)
FN:99,(anonymous_10)
FN:113,(anonymous_11)
FNF:8
FNH:0
FNDA:0,(anonymous_4)
FNDA:0,(anonymous_5)
FNDA:0,(anonymous_6)
FNDA:0,(anonymous_7)
FNDA:0,(anonymous_8)
FNDA:0,(anonymous_9)
FNDA:0,(anonymous_10)
FNDA:0,(anonymous_11)
DA:1,0
DA:14,0
DA:20,0
DA:21,0
DA:22,0
DA:23,0
DA:24,0
DA:25,0
DA:26,0
DA:32,0
DA:34,0
DA:44,0
DA:45,0
DA:46,0
DA:53,0
DA:57,0
DA:58,0
DA:65,0
DA:69,0
DA:73,0
DA:80,0
DA:82,0
DA:83,0
DA:89,0
DA:90,0
DA:91,0
DA:99,0
DA:103,0
DA:107,0
DA:113,0
DA:114,0
DA:115,0
LF:32
LH:0
BRDA:105,0,0,0
BRDA:105,0,1,0
BRF:2
BRH:0
end_of_record
TN:
SF:src\workspace-tracking\workspace-tracking.module.ts
FNF:0
FNH:0
DA:1,0
DA:2,0
DA:3,0
DA:4,0
DA:5,0
DA:6,0
DA:7,0
DA:8,0
DA:16,0
LF:9
LH:0
BRF:0
BRH:0
end_of_record
TN:
SF:src\workspace-tracking\workspace-tracking.service.ts
FN:9,(anonymous_2)
FN:19,(anonymous_3)
FN:28,(anonymous_4)
FN:37,(anonymous_5)
FN:45,(anonymous_6)
FN:53,(anonymous_7)
FN:62,(anonymous_8)
FN:69,(anonymous_9)
FNF:8
FNH:0
FNDA:0,(anonymous_2)
FNDA:0,(anonymous_3)
FNDA:0,(anonymous_4)
FNDA:0,(anonymous_5)
FNDA:0,(anonymous_6)
FNDA:0,(anonymous_7)
FNDA:0,(anonymous_8)
FNDA:0,(anonymous_9)
DA:1,0
DA:2,0
DA:3,0
DA:8,0
DA:10,0
DA:11,0
DA:20,0
DA:29,0
DA:38,0
DA:46,0
DA:54,0
DA:63,0
DA:70,0
LF:13
LH:0
BRF:0
BRH:0
end_of_record
TN:
SF:src\workspace-tracking\dto\check-in.dto.ts
FNF:0
FNH:0
DA:1,0
DA:2,0
DA:4,0
DA:7,0
DA:12,0
DA:17,0
DA:26,0
DA:35,0
DA:43,0
DA:51,0
LF:10
LH:0
BRF:0
BRH:0
end_of_record
TN:
SF:src\workspace-tracking\dto\occupancy-query.dto.ts
FNF:0
FNH:0
DA:1,0
DA:2,0
DA:4,0
DA:8,0
DA:16,0
DA:24,0
LF:6
LH:0
BRF:0
BRH:0
end_of_record
TN:
SF:src\workspace-tracking\entities\workspace-log.entity.ts
FN:31,(anonymous_2)
FN:38,(anonymous_3)
FN:45,(anonymous_4)
FN:78,(anonymous_5)
FNF:4
FNH:0
FNDA:0,(anonymous_2)
FNDA:0,(anonymous_3)
FNDA:0,(anonymous_4)
FNDA:0,(anonymous_5)
DA:1,2
DA:10,2
DA:11,2
DA:12,2
DA:13,2
DA:24,2
DA:26,2
DA:29,2
DA:31,0
DA:33,2
DA:36,2
DA:38,0
DA:40,2
DA:43,2
DA:45,0
DA:47,2
DA:50,2
DA:53,2
DA:57,2
DA:60,2
DA:63,2
DA:66,2
DA:69,2
DA:72,2
DA:76,2
DA:78,0
DA:80,2
LF:27
LH:23
BRF:0
BRH:0
end_of_record
TN:
SF:src\workspace-tracking\providers\check-in.provider.ts
FN:23,(anonymous_4)
FN:30,(anonymous_5)
FN:39,(anonymous_6)
FN:68,(anonymous_7)
FN:109,(anonymous_8)
FN:134,(anonymous_9)
FN:144,(anonymous_10)
FNF:7
FNH:5
FNDA:2,(anonymous_4)
FNDA:1,(anonymous_5)
FNDA:7,(anonymous_6)
FNDA:1,(anonymous_7)
FNDA:0,(anonymous_8)
FNDA:0,(anonymous_9)
FNDA:1,(anonymous_10)
DA:1,1
DA:6,1
DA:7,1
DA:8,1
DA:10,1
DA:22,1
DA:25,2
DA:27,2
DA:31,1
DA:40,7
DA:43,1
DA:44,1
DA:49,0
DA:53,0
DA:69,1
DA:70,0
DA:73,0
DA:74,0
DA:78,0
DA:81,0
DA:82,0
DA:87,0
DA:98,0
DA:110,0
DA:113,0
DA:114,0
DA:119,0
DA:120,0
DA:121,0
DA:125,0
DA:138,0
DA:139,0
DA:141,0
DA:146,1
DA:156,1
LF:35
LH:15
BRDA:43,0,0,1
BRDA:49,1,0,0
BRDA:50,2,0,0
BRDA:50,2,1,0
BRDA:73,3,0,0
BRDA:81,4,0,0
BRDA:90,5,0,0
BRDA:90,5,1,0
BRDA:91,6,0,0
BRDA:91,6,1,0
BRDA:92,7,0,0
BRDA:92,7,1,0
BRDA:93,8,0,0
BRDA:93,8,1,0
BRDA:94,9,0,0
BRDA:94,9,1,0
BRDA:95,10,0,0
BRDA:95,10,1,0
BRDA:113,11,0,0
BRDA:139,12,0,0
BRF:20
BRH:1
end_of_record
TN:
SF:src\workspace-tracking\providers\occupancy.provider.ts
FN:27,(anonymous_4)
FN:39,(anonymous_5)
FN:77,(anonymous_6)
FN:113,(anonymous_7)
FN:122,(anonymous_8)
FN:124,(anonymous_9)
FN:140,(anonymous_10)
FNF:7
FNH:0
FNDA:0,(anonymous_4)
FNDA:0,(anonymous_5)
FNDA:0,(anonymous_6)
FNDA:0,(anonymous_7)
FNDA:0,(anonymous_8)
FNDA:0,(anonymous_9)
FNDA:0,(anonymous_10)
DA:1,0
DA:2,0
DA:3,0
DA:4,0
DA:5,0
DA:26,0
DA:29,0
DA:31,0
DA:42,0
DA:45,0
DA:46,0
DA:48,0
DA:50,0
DA:52,0
DA:53,0
DA:57,0
DA:69,0
DA:80,0
DA:90,0
DA:91,0
DA:95,0
DA:96,0
DA:98,0
DA:99,0
DA:104,0
DA:113,0
DA:115,0
DA:122,0
DA:124,0
DA:144,0
DA:149,0
DA:150,0
DA:153,0
LF:33
LH:0
BRDA:45,0,0,0
BRDA:63,1,0,0
BRDA:63,1,1,0
BRDA:90,2,0,0
BRDA:95,3,0,0
BRDA:98,4,0,0
BRDA:115,5,0,0
BRDA:115,5,1,0
BRDA:126,6,0,0
BRDA:126,6,1,0
BRDA:142,7,0,0
BRDA:149,8,0,0
BRF:12
BRH:0
end_of_record
TN:
SF:src\workspaces\workspaces.controller.ts
FN:35,(anonymous_4)
FN:44,(anonymous_5)
FN:52,(anonymous_6)
FN:61,(anonymous_7)
FN:69,(anonymous_8)
FN:90,(anonymous_9)
FN:108,(anonymous_10)
FN:121,(anonymous_11)
FNF:8
FNH:0
FNDA:0,(anonymous_4)
FNDA:0,(anonymous_5)
FNDA:0,(anonymous_6)
FNDA:0,(anonymous_7)
FNDA:0,(anonymous_8)
FNDA:0,(anonymous_9)
FNDA:0,(anonymous_10)
FNDA:0,(anonymous_11)
DA:1,0
DA:15,0
DA:21,0
DA:22,0
DA:23,0
DA:24,0
DA:25,0
DA:26,0
DA:27,0
DA:28,0
DA:34,0
DA:35,0
DA:44,0
DA:45,0
DA:46,0
DA:52,0
DA:53,0
DA:54,0
DA:61,0
DA:62,0
DA:63,0
DA:69,0
DA:70,0
DA:71,0
DA:90,0
DA:96,0
DA:101,0
DA:108,0
DA:112,0
DA:113,0
DA:121,0
DA:122,0
DA:123,0
LF:33
LH:0
BRDA:98,0,0,0
BRDA:98,0,1,0
BRF:2
BRH:0
end_of_record
TN:
SF:src\workspaces\workspaces.module.ts
FNF:0
FNH:0
DA:1,0
DA:2,0
DA:3,0
DA:4,0
DA:5,0
DA:6,0
DA:7,0
DA:8,0
DA:9,0
DA:10,0
DA:11,0
DA:12,0
DA:33,0
LF:13
LH:0
BRF:0
BRH:0
end_of_record
TN:
SF:src\workspaces\workspaces.service.ts
FN:15,(anonymous_2)
FN:28,(anonymous_3)
FN:37,(anonymous_4)
FN:46,(anonymous_5)
FN:55,(anonymous_6)
FN:63,(anonymous_7)
FN:75,(anonymous_8)
FNF:7
FNH:0
FNDA:0,(anonymous_2)
FNDA:0,(anonymous_3)
FNDA:0,(anonymous_4)
FNDA:0,(anonymous_5)
FNDA:0,(anonymous_6)
FNDA:0,(anonymous_7)
FNDA:0,(anonymous_8)
DA:1,2
DA:5,2
DA:6,2
DA:7,2
DA:8,2
DA:9,2
DA:10,2
DA:14,2
DA:16,0
DA:17,0
DA:18,0
DA:19,0
DA:20,0
DA:21,0
DA:29,0
DA:38,0
DA:47,0
DA:56,0
DA:64,0
DA:83,0
LF:20
LH:8
BRDA:37,0,0,0
BRF:1
BRH:0
end_of_record
TN:
SF:src\workspaces\dto\create-workspace.dto.ts
FNF:0
FNH:0
DA:1,0
DA:10,0
DA:11,0
DA:16,0
DA:20,0
DA:24,0
DA:29,0
DA:34,0
DA:39,0
DA:45,0
DA:51,0
LF:11
LH:0
BRF:0
BRH:0
end_of_record
TN:
SF:src\workspaces\dto\update-workspace.dto.ts
FNF:0
FNH:0
DA:1,0
DA:2,0
DA:3,0
DA:4,0
DA:12,0
DA:16,0
LF:6
LH:0
BRF:0
BRH:0
end_of_record
TN:
SF:src\workspaces\dto\workspace-query.dto.ts
FN:9,(anonymous_2)
FN:12,(anonymous_3)
FN:19,(anonymous_4)
FN:31,(anonymous_5)
FN:38,(anonymous_6)
FNF:5
FNH:0
FNDA:0,(anonymous_2)
FNDA:0,(anonymous_3)
FNDA:0,(anonymous_4)
FNDA:0,(anonymous_5)
FNDA:0,(anonymous_6)
DA:1,0
DA:2,0
DA:3,0
DA:4,0
DA:9,0
DA:12,0
DA:15,0
DA:19,0
DA:22,0
DA:27,0
DA:31,0
DA:34,0
DA:38,0
DA:41,0
DA:46,0
LF:15
LH:0
BRF:0
BRH:0
end_of_record
TN:
SF:src\workspaces\entities\workspace.entity.ts
FN:62,(anonymous_2)
FNF:1
FNH:0
FNDA:0,(anonymous_2)
DA:1,8
DA:11,8
DA:12,8
DA:23,8
DA:25,8
DA:28,8
DA:31,8
DA:34,8
DA:38,8
DA:41,8
DA:44,8
DA:47,8
DA:50,8
DA:53,8
DA:56,8
DA:60,8
DA:62,0
DA:64,8
LF:18
LH:17
BRF:0
BRH:0
end_of_record
TN:
SF:src\workspaces\enums\workspace-type.enum.ts
FN:1,(anonymous_0)
FNF:1
FNH:1
FNDA:8,(anonymous_0)
DA:1,8
DA:2,8
DA:3,8
DA:4,8
DA:5,8
DA:6,8
DA:7,8
LF:7
LH:7
BRDA:1,0,0,8
BRDA:1,0,1,8
BRF:2
BRH:2
end_of_record
TN:
SF:src\workspaces\providers\check-workspace-availability.provider.ts
FN:35,(anonymous_4)
FN:43,(anonymous_5)
FN:91,(anonymous_6)
FN:107,(anonymous_7)
FNF:4
FNH:4
FNDA:5,(anonymous_4)
FNDA:9,(anonymous_5)
FNDA:8,(anonymous_6)
FNDA:1,(anonymous_7)
DA:1,3
DA:2,3
DA:3,3
DA:4,3
DA:5,3
DA:6,3
DA:24,3
DA:34,3
DA:37,5
DA:38,5
DA:39,5
DA:40,5
DA:49,9
DA:50,1
DA:55,8
DA:58,6
DA:60,6
DA:61,1
DA:69,5
DA:77,5
DA:78,5
DA:94,8
DA:95,8
DA:97,8
DA:98,1
DA:100,7
DA:101,1
DA:104,6
DA:108,1
LF:29
LH:29
BRDA:45,0,0,0
BRDA:47,1,0,9
BRDA:49,2,0,1
BRDA:49,3,0,9
BRDA:49,3,1,9
BRDA:60,4,0,1
BRDA:82,5,0,3
BRDA:82,5,1,2
BRDA:94,6,0,8
BRDA:94,6,1,1
BRDA:95,7,0,8
BRDA:95,7,1,2
BRDA:97,8,0,1
BRDA:97,9,0,8
BRDA:97,9,1,7
BRDA:100,10,0,1
BRF:16
BRH:15
end_of_record
TN:
SF:src\workspaces\providers\create-workspace.provider.ts
FN:9,(anonymous_4)
FN:14,(anonymous_5)
FNF:2
FNH:0
FNDA:0,(anonymous_4)
FNDA:0,(anonymous_5)
DA:1,2
DA:2,2
DA:3,2
DA:4,2
DA:8,2
DA:11,0
DA:15,0
DA:18,0
DA:19,0
DA:24,0
DA:27,0
LF:11
LH:5
BRDA:18,0,0,0
BRF:1
BRH:0
end_of_record
TN:
SF:src\workspaces\providers\delete-workspace.provider.ts
FN:9,(anonymous_4)
FN:15,(anonymous_5)
FNF:2
FNH:0
FNDA:0,(anonymous_4)
FNDA:0,(anonymous_5)
DA:1,2
DA:2,2
DA:3,2
DA:4,2
DA:5,2
DA:8,2
DA:11,0
DA:12,0
DA:16,0
DA:17,0
DA:18,0
LF:11
LH:6
BRF:0
BRH:0
end_of_record
TN:
SF:src\workspaces\providers\find-all-workspaces.provider.ts
FN:17,(anonymous_4)
FN:22,(anonymous_5)
FNF:2
FNH:0
FNDA:0,(anonymous_4)
FNDA:0,(anonymous_5)
DA:1,2
DA:2,2
DA:3,2
DA:4,2
DA:16,2
DA:19,0
DA:26,0
DA:28,0
DA:30,0
DA:31,0
DA:34,0
DA:35,0
DA:38,0
DA:43,0
DA:46,0
DA:47,0
DA:50,0
DA:51,0
DA:57,0
DA:58,0
DA:64,0
LF:21
LH:5
BRDA:24,0,0,0
BRDA:26,1,0,0
BRDA:26,2,0,0
BRDA:30,3,0,0
BRDA:34,4,0,0
BRDA:38,5,0,0
BRDA:46,6,0,0
BRDA:50,7,0,0
BRF:8
BRH:0
end_of_record
TN:
SF:src\workspaces\providers\find-workspace-by-id.provider.ts
FN:8,(anonymous_4)
FN:13,(anonymous_5)
FNF:2
FNH:0
FNDA:0,(anonymous_4)
FNDA:0,(anonymous_5)
DA:1,3
DA:2,3
DA:3,3
DA:4,3
DA:7,3
DA:10,0
DA:14,0
DA:17,0
DA:18,0
DA:20,0
LF:10
LH:5
BRDA:17,0,0,0
BRF:1
BRH:0
end_of_record
TN:
SF:src\workspaces\providers\seat-availability.provider.ts
FN:31,(anonymous_1)
FN:56,(anonymous_2)
FNF:2
FNH:2
FNDA:26,(anonymous_1)
FNDA:5,(anonymous_2)
DA:1,4
DA:3,4
DA:4,4
DA:26,4
DA:37,26
DA:48,26
DA:63,5
DA:69,5
LF:8
LH:8
BRDA:48,0,0,26
BRDA:48,0,1,0
BRF:2
BRH:1
end_of_record
TN:
SF:src\workspaces\providers\update-workspace.provider.ts
FN:10,(anonymous_4)
FN:16,(anonymous_5)
FNF:2
FNH:0
FNDA:0,(anonymous_4)
FNDA:0,(anonymous_5)
DA:1,2
DA:2,2
DA:3,2
DA:4,2
DA:6,2
DA:9,2
DA:12,0
DA:13,0
DA:17,0
DA:19,0
DA:20,0
LF:11
LH:6
BRF:0
BRH:0
end_of_record
